{"uid":"7ad6a01b5de549","name":"test_failed_registration","fullName":"selenium_library.suninjuly_github_io.tests.test_registration.TestRegistrationPage#test_failed_registration","historyId":"bdc36381e23dcc0e9b46575064ffa1ae","time":{"start":1751143779113,"stop":1751143789319,"duration":10206},"status":"skipped","statusMessage":"XFAIL wrong url\n\nAssertionError: Welcome text should have text \"Congratulations! You have successfully registered!\", but got \"Registration instead\"","statusTrace":"self = <test_registration.TestRegistrationPage object at 0x7fe52c86ed50>\nbrowser = <selenium.webdriver.chrome.webdriver.WebDriver (session=\"ee534675494bf3ff0e8bf14540c6bed9\")>\nrandom_generator = <faker.proxy.Faker object at 0x7fe52e05b7a0>\n\n    @pytest.mark.xfail(reason='wrong url')\n    def test_failed_registration(self, browser, random_generator):\n        self.registration_page.open_page(wrong_url)\n        try:\n            self.registration_page.fill_out_the_form(random_generator)\n        except NoSuchElementException:\n            print('Element not found on the page')\n>       self.registration_page.should_have_welcome_text()\n\nselenium_library/suninjuly_github_io/tests/test_registration.py:32: \n_ _ _ _ _ _ _ _ _ _ _ _ _ _ _ _ _ _ _ _ _ _ _ _ _ _ _ _ _ _ _ _ _ _ _ _ _ _ _ _ \nselenium_library/suninjuly_github_io/pages/registration_page.py:62: in should_have_welcome_text\n    self.element_get_expected_text(\n_ _ _ _ _ _ _ _ _ _ _ _ _ _ _ _ _ _ _ _ _ _ _ _ _ _ _ _ _ _ _ _ _ _ _ _ _ _ _ _ \n\nelement = <selenium.webdriver.remote.webelement.WebElement (session=\"ee534675494bf3ff0e8bf14540c6bed9\", element=\"f.4B412A4B9070FF343BBD816DBC66455B.d.529A732DB0502C77269C6EFB2F3A643E.e.15\")>\nexpected_text = 'Congratulations! You have successfully registered!'\nname = 'Welcome text'\n\n    @staticmethod\n    @allure.step('Assert element actual text matches the one expected')\n    def element_get_expected_text(element, expected_text, name):\n        assert (\n>           element.text == expected_text\n        ), f'{name} should have text \"{expected_text}\", but got \"{element.text} instead\"'\nE       AssertionError: Welcome text should have text \"Congratulations! You have successfully registered!\", but got \"Registration instead\"\n\nselenium_library/suninjuly_github_io/pages/base_page.py:20: AssertionError","flaky":false,"newFailed":false,"newBroken":false,"newPassed":false,"retriesCount":0,"retriesStatusChange":false,"beforeStages":[{"name":"_session_faker","time":{"start":1751143472753,"stop":1751143472753,"duration":0},"status":"passed","steps":[],"attachments":[],"parameters":[],"shouldDisplayMessage":false,"stepsCount":0,"attachmentsCount":0,"hasContent":false,"attachmentStep":false},{"name":"browser","time":{"start":1751143778723,"stop":1751143779112,"duration":389},"status":"passed","steps":[],"attachments":[],"parameters":[],"shouldDisplayMessage":false,"stepsCount":0,"attachmentsCount":0,"hasContent":false,"attachmentStep":false},{"name":"random_generator","time":{"start":1751143779112,"stop":1751143779113,"duration":1},"status":"passed","steps":[],"attachments":[],"parameters":[],"shouldDisplayMessage":false,"stepsCount":0,"attachmentsCount":0,"hasContent":false,"attachmentStep":false},{"name":"setup","time":{"start":1751143779112,"stop":1751143779112,"duration":0},"status":"passed","steps":[],"attachments":[],"parameters":[],"shouldDisplayMessage":false,"stepsCount":0,"attachmentsCount":0,"hasContent":false,"attachmentStep":false}],"testStage":{"status":"skipped","statusMessage":"XFAIL wrong url\n\nAssertionError: Welcome text should have text \"Congratulations! You have successfully registered!\", but got \"Registration instead\"","statusTrace":"self = <test_registration.TestRegistrationPage object at 0x7fe52c86ed50>\nbrowser = <selenium.webdriver.chrome.webdriver.WebDriver (session=\"ee534675494bf3ff0e8bf14540c6bed9\")>\nrandom_generator = <faker.proxy.Faker object at 0x7fe52e05b7a0>\n\n    @pytest.mark.xfail(reason='wrong url')\n    def test_failed_registration(self, browser, random_generator):\n        self.registration_page.open_page(wrong_url)\n        try:\n            self.registration_page.fill_out_the_form(random_generator)\n        except NoSuchElementException:\n            print('Element not found on the page')\n>       self.registration_page.should_have_welcome_text()\n\nselenium_library/suninjuly_github_io/tests/test_registration.py:32: \n_ _ _ _ _ _ _ _ _ _ _ _ _ _ _ _ _ _ _ _ _ _ _ _ _ _ _ _ _ _ _ _ _ _ _ _ _ _ _ _ \nselenium_library/suninjuly_github_io/pages/registration_page.py:62: in should_have_welcome_text\n    self.element_get_expected_text(\n_ _ _ _ _ _ _ _ _ _ _ _ _ _ _ _ _ _ _ _ _ _ _ _ _ _ _ _ _ _ _ _ _ _ _ _ _ _ _ _ \n\nelement = <selenium.webdriver.remote.webelement.WebElement (session=\"ee534675494bf3ff0e8bf14540c6bed9\", element=\"f.4B412A4B9070FF343BBD816DBC66455B.d.529A732DB0502C77269C6EFB2F3A643E.e.15\")>\nexpected_text = 'Congratulations! You have successfully registered!'\nname = 'Welcome text'\n\n    @staticmethod\n    @allure.step('Assert element actual text matches the one expected')\n    def element_get_expected_text(element, expected_text, name):\n        assert (\n>           element.text == expected_text\n        ), f'{name} should have text \"{expected_text}\", but got \"{element.text} instead\"'\nE       AssertionError: Welcome text should have text \"Congratulations! You have successfully registered!\", but got \"Registration instead\"\n\nselenium_library/suninjuly_github_io/pages/base_page.py:20: AssertionError","steps":[{"name":"Open page","time":{"start":1751143779113,"stop":1751143779214,"duration":101},"status":"passed","steps":[],"attachments":[],"parameters":[{"name":"url","value":"'https://suninjuly.github.io/registration2.html'"}],"shouldDisplayMessage":false,"stepsCount":0,"attachmentsCount":0,"hasContent":true,"attachmentStep":false},{"name":"Fill out Registration Form","time":{"start":1751143779214,"stop":1751143789293,"duration":10079},"status":"broken","statusMessage":"selenium.common.exceptions.NoSuchElementException: Message: no such element: Unable to locate element: {\"method\":\"css selector\",\"selector\":\".first_block input.second\"}\n  (Session info: chrome=137.0.7151.119); For documentation on this error, please visit: https://www.selenium.dev/documentation/webdriver/troubleshooting/errors#no-such-element-exception\nStacktrace:\n#0 0x55ec2d7a145a <unknown>\n#1 0x55ec2d246760 <unknown>\n#2 0x55ec2d298127 <unknown>\n#3 0x55ec2d298321 <unknown>\n#4 0x55ec2d2e6e94 <unknown>\n#5 0x55ec2d2bde7d <unknown>\n#6 0x55ec2d2e430b <unknown>\n#7 0x55ec2d2bdc23 <unknown>\n#8 0x55ec2d28a4a5 <unknown>\n#9 0x55ec2d28b111 <unknown>\n#10 0x55ec2d765f1b <unknown>\n#11 0x55ec2d769e19 <unknown>\n#12 0x55ec2d74cac9 <unknown>\n#13 0x55ec2d76a9c8 <unknown>\n#14 0x55ec2d73134f <unknown>\n#15 0x55ec2d78ea28 <unknown>\n#16 0x55ec2d78ec06 <unknown>\n#17 0x55ec2d7a0336 <unknown>\n#18 0x7f35fc29caa4 <unknown>\n#19 0x7f35fc329c3c <unknown>\n\n","statusTrace":"  File \"/opt/hostedtoolcache/Python/3.13.5/x64/lib/python3.13/site-packages/allure_commons/_allure.py\", line 202, in impl\n    return func(*a, **kw)\n  File \"/home/runner/work/automation/automation/selenium_library/suninjuly_github_io/pages/registration_page.py\", line 51, in fill_out_the_form\n    self.last_name_input.send_keys(random_generator.last_name())\n    ^^^^^^^^^^^^^^^^^^^^\n  File \"/opt/hostedtoolcache/Python/3.13.5/x64/lib/python3.13/site-packages/allure_commons/_allure.py\", line 202, in impl\n    return func(*a, **kw)\n  File \"/home/runner/work/automation/automation/selenium_library/suninjuly_github_io/pages/registration_page.py\", line 36, in last_name_input\n    return self.find(self.last_name_input_locator)\n           ~~~~~~~~~^^^^^^^^^^^^^^^^^^^^^^^^^^^^^^\n  File \"/opt/hostedtoolcache/Python/3.13.5/x64/lib/python3.13/site-packages/allure_commons/_allure.py\", line 202, in impl\n    return func(*a, **kw)\n  File \"/home/runner/work/automation/automation/selenium_library/suninjuly_github_io/pages/base_page.py\", line 14, in find\n    return self.browser.find_element(*args)\n           ~~~~~~~~~~~~~~~~~~~~~~~~~^^^^^^^\n  File \"/opt/hostedtoolcache/Python/3.13.5/x64/lib/python3.13/site-packages/selenium/webdriver/remote/webdriver.py\", line 914, in find_element\n    return self.execute(Command.FIND_ELEMENT, {\"using\": by, \"value\": value})[\"value\"]\n           ~~~~~~~~~~~~^^^^^^^^^^^^^^^^^^^^^^^^^^^^^^^^^^^^^^^^^^^^^^^^^^^^^\n  File \"/opt/hostedtoolcache/Python/3.13.5/x64/lib/python3.13/site-packages/selenium/webdriver/remote/webdriver.py\", line 447, in execute\n    self.error_handler.check_response(response)\n    ~~~~~~~~~~~~~~~~~~~~~~~~~~~~~~~~~^^^^^^^^^^\n  File \"/opt/hostedtoolcache/Python/3.13.5/x64/lib/python3.13/site-packages/selenium/webdriver/remote/errorhandler.py\", line 232, in check_response\n    raise exception_class(message, screen, stacktrace)\n","steps":[{"name":"First name input field","time":{"start":1751143779215,"stop":1751143779229,"duration":14},"status":"passed","steps":[{"name":"Find element","time":{"start":1751143779215,"stop":1751143779229,"duration":14},"status":"passed","steps":[],"attachments":[],"parameters":[{"name":"args","value":"('css selector', '.first_block input.first')"}],"shouldDisplayMessage":false,"stepsCount":0,"attachmentsCount":0,"hasContent":true,"attachmentStep":false}],"attachments":[],"parameters":[],"shouldDisplayMessage":false,"stepsCount":1,"attachmentsCount":0,"hasContent":true,"attachmentStep":false},{"name":"Last name input field","time":{"start":1751143779277,"stop":1751143789291,"duration":10014},"status":"broken","statusMessage":"selenium.common.exceptions.NoSuchElementException: Message: no such element: Unable to locate element: {\"method\":\"css selector\",\"selector\":\".first_block input.second\"}\n  (Session info: chrome=137.0.7151.119); For documentation on this error, please visit: https://www.selenium.dev/documentation/webdriver/troubleshooting/errors#no-such-element-exception\nStacktrace:\n#0 0x55ec2d7a145a <unknown>\n#1 0x55ec2d246760 <unknown>\n#2 0x55ec2d298127 <unknown>\n#3 0x55ec2d298321 <unknown>\n#4 0x55ec2d2e6e94 <unknown>\n#5 0x55ec2d2bde7d <unknown>\n#6 0x55ec2d2e430b <unknown>\n#7 0x55ec2d2bdc23 <unknown>\n#8 0x55ec2d28a4a5 <unknown>\n#9 0x55ec2d28b111 <unknown>\n#10 0x55ec2d765f1b <unknown>\n#11 0x55ec2d769e19 <unknown>\n#12 0x55ec2d74cac9 <unknown>\n#13 0x55ec2d76a9c8 <unknown>\n#14 0x55ec2d73134f <unknown>\n#15 0x55ec2d78ea28 <unknown>\n#16 0x55ec2d78ec06 <unknown>\n#17 0x55ec2d7a0336 <unknown>\n#18 0x7f35fc29caa4 <unknown>\n#19 0x7f35fc329c3c <unknown>\n\n","statusTrace":"  File \"/opt/hostedtoolcache/Python/3.13.5/x64/lib/python3.13/site-packages/allure_commons/_allure.py\", line 202, in impl\n    return func(*a, **kw)\n  File \"/home/runner/work/automation/automation/selenium_library/suninjuly_github_io/pages/registration_page.py\", line 36, in last_name_input\n    return self.find(self.last_name_input_locator)\n           ~~~~~~~~~^^^^^^^^^^^^^^^^^^^^^^^^^^^^^^\n  File \"/opt/hostedtoolcache/Python/3.13.5/x64/lib/python3.13/site-packages/allure_commons/_allure.py\", line 202, in impl\n    return func(*a, **kw)\n  File \"/home/runner/work/automation/automation/selenium_library/suninjuly_github_io/pages/base_page.py\", line 14, in find\n    return self.browser.find_element(*args)\n           ~~~~~~~~~~~~~~~~~~~~~~~~~^^^^^^^\n  File \"/opt/hostedtoolcache/Python/3.13.5/x64/lib/python3.13/site-packages/selenium/webdriver/remote/webdriver.py\", line 914, in find_element\n    return self.execute(Command.FIND_ELEMENT, {\"using\": by, \"value\": value})[\"value\"]\n           ~~~~~~~~~~~~^^^^^^^^^^^^^^^^^^^^^^^^^^^^^^^^^^^^^^^^^^^^^^^^^^^^^\n  File \"/opt/hostedtoolcache/Python/3.13.5/x64/lib/python3.13/site-packages/selenium/webdriver/remote/webdriver.py\", line 447, in execute\n    self.error_handler.check_response(response)\n    ~~~~~~~~~~~~~~~~~~~~~~~~~~~~~~~~~^^^^^^^^^^\n  File \"/opt/hostedtoolcache/Python/3.13.5/x64/lib/python3.13/site-packages/selenium/webdriver/remote/errorhandler.py\", line 232, in check_response\n    raise exception_class(message, screen, stacktrace)\n","steps":[{"name":"Find element","time":{"start":1751143779277,"stop":1751143789290,"duration":10013},"status":"broken","statusMessage":"selenium.common.exceptions.NoSuchElementException: Message: no such element: Unable to locate element: {\"method\":\"css selector\",\"selector\":\".first_block input.second\"}\n  (Session info: chrome=137.0.7151.119); For documentation on this error, please visit: https://www.selenium.dev/documentation/webdriver/troubleshooting/errors#no-such-element-exception\nStacktrace:\n#0 0x55ec2d7a145a <unknown>\n#1 0x55ec2d246760 <unknown>\n#2 0x55ec2d298127 <unknown>\n#3 0x55ec2d298321 <unknown>\n#4 0x55ec2d2e6e94 <unknown>\n#5 0x55ec2d2bde7d <unknown>\n#6 0x55ec2d2e430b <unknown>\n#7 0x55ec2d2bdc23 <unknown>\n#8 0x55ec2d28a4a5 <unknown>\n#9 0x55ec2d28b111 <unknown>\n#10 0x55ec2d765f1b <unknown>\n#11 0x55ec2d769e19 <unknown>\n#12 0x55ec2d74cac9 <unknown>\n#13 0x55ec2d76a9c8 <unknown>\n#14 0x55ec2d73134f <unknown>\n#15 0x55ec2d78ea28 <unknown>\n#16 0x55ec2d78ec06 <unknown>\n#17 0x55ec2d7a0336 <unknown>\n#18 0x7f35fc29caa4 <unknown>\n#19 0x7f35fc329c3c <unknown>\n\n","statusTrace":"  File \"/opt/hostedtoolcache/Python/3.13.5/x64/lib/python3.13/site-packages/allure_commons/_allure.py\", line 202, in impl\n    return func(*a, **kw)\n  File \"/home/runner/work/automation/automation/selenium_library/suninjuly_github_io/pages/base_page.py\", line 14, in find\n    return self.browser.find_element(*args)\n           ~~~~~~~~~~~~~~~~~~~~~~~~~^^^^^^^\n  File \"/opt/hostedtoolcache/Python/3.13.5/x64/lib/python3.13/site-packages/selenium/webdriver/remote/webdriver.py\", line 914, in find_element\n    return self.execute(Command.FIND_ELEMENT, {\"using\": by, \"value\": value})[\"value\"]\n           ~~~~~~~~~~~~^^^^^^^^^^^^^^^^^^^^^^^^^^^^^^^^^^^^^^^^^^^^^^^^^^^^^\n  File \"/opt/hostedtoolcache/Python/3.13.5/x64/lib/python3.13/site-packages/selenium/webdriver/remote/webdriver.py\", line 447, in execute\n    self.error_handler.check_response(response)\n    ~~~~~~~~~~~~~~~~~~~~~~~~~~~~~~~~~^^^^^^^^^^\n  File \"/opt/hostedtoolcache/Python/3.13.5/x64/lib/python3.13/site-packages/selenium/webdriver/remote/errorhandler.py\", line 232, in check_response\n    raise exception_class(message, screen, stacktrace)\n","steps":[],"attachments":[],"parameters":[{"name":"args","value":"('css selector', '.first_block input.second')"}],"shouldDisplayMessage":true,"stepsCount":0,"attachmentsCount":0,"hasContent":true,"attachmentStep":false}],"attachments":[],"parameters":[],"shouldDisplayMessage":false,"stepsCount":1,"attachmentsCount":0,"hasContent":true,"attachmentStep":false}],"attachments":[],"parameters":[{"name":"random_generator","value":"<faker.proxy.Faker object at 0x7fe52e05b7a0>"}],"shouldDisplayMessage":false,"stepsCount":4,"attachmentsCount":0,"hasContent":true,"attachmentStep":false},{"name":"Assert Welcome message has expected text","time":{"start":1751143789294,"stop":1751143789319,"duration":25},"status":"failed","statusMessage":"AssertionError: Welcome text should have text \"Congratulations! You have successfully registered!\", but got \"Registration instead\"\n","statusTrace":"  File \"/opt/hostedtoolcache/Python/3.13.5/x64/lib/python3.13/site-packages/allure_commons/_allure.py\", line 202, in impl\n    return func(*a, **kw)\n  File \"/home/runner/work/automation/automation/selenium_library/suninjuly_github_io/pages/registration_page.py\", line 62, in should_have_welcome_text\n    self.element_get_expected_text(\n    ~~~~~~~~~~~~~~~~~~~~~~~~~~~~~~^\n        self.welcome_text, welcome_text_expected, 'Welcome text'\n        ^^^^^^^^^^^^^^^^^^^^^^^^^^^^^^^^^^^^^^^^^^^^^^^^^^^^^^^^\n    )\n    ^\n  File \"/opt/hostedtoolcache/Python/3.13.5/x64/lib/python3.13/site-packages/allure_commons/_allure.py\", line 202, in impl\n    return func(*a, **kw)\n  File \"/home/runner/work/automation/automation/selenium_library/suninjuly_github_io/pages/base_page.py\", line 20, in element_get_expected_text\n    element.text == expected_text\n","steps":[{"name":"Welcome message","time":{"start":1751143789294,"stop":1751143789303,"duration":9},"status":"passed","steps":[{"name":"Find element","time":{"start":1751143789294,"stop":1751143789303,"duration":9},"status":"passed","steps":[],"attachments":[],"parameters":[{"name":"args","value":"('css selector', 'h1')"}],"shouldDisplayMessage":false,"stepsCount":0,"attachmentsCount":0,"hasContent":true,"attachmentStep":false}],"attachments":[],"parameters":[],"shouldDisplayMessage":false,"stepsCount":1,"attachmentsCount":0,"hasContent":true,"attachmentStep":false},{"name":"Assert element actual text matches the one expected","time":{"start":1751143789303,"stop":1751143789318,"duration":15},"status":"failed","statusMessage":"AssertionError: Welcome text should have text \"Congratulations! You have successfully registered!\", but got \"Registration instead\"\n","statusTrace":"  File \"/opt/hostedtoolcache/Python/3.13.5/x64/lib/python3.13/site-packages/allure_commons/_allure.py\", line 202, in impl\n    return func(*a, **kw)\n  File \"/home/runner/work/automation/automation/selenium_library/suninjuly_github_io/pages/base_page.py\", line 20, in element_get_expected_text\n    element.text == expected_text\n","steps":[],"attachments":[],"parameters":[{"name":"element","value":"<selenium.webdriver.remote.webelement.WebElement (session=\"ee534675494bf3ff0e8bf14540c6bed9\", element=\"f.4B412A4B9070FF343BBD816DBC66455B.d.529A732DB0502C77269C6EFB2F3A643E.e.15\")>"},{"name":"expected_text","value":"'Congratulations! You have successfully registered!'"},{"name":"name","value":"'Welcome text'"}],"shouldDisplayMessage":true,"stepsCount":0,"attachmentsCount":0,"hasContent":true,"attachmentStep":false}],"attachments":[],"parameters":[],"shouldDisplayMessage":false,"stepsCount":3,"attachmentsCount":0,"hasContent":true,"attachmentStep":false}],"attachments":[{"uid":"412242ae8dd03890","name":"stdout","source":"412242ae8dd03890.txt","type":"text/plain","size":86}],"parameters":[],"shouldDisplayMessage":true,"stepsCount":10,"attachmentsCount":1,"hasContent":true,"attachmentStep":false},"afterStages":[{"name":"browser::0","time":{"start":1751143789324,"stop":1751143789387,"duration":63},"status":"passed","steps":[],"attachments":[],"parameters":[],"shouldDisplayMessage":false,"stepsCount":0,"attachmentsCount":0,"hasContent":false,"attachmentStep":false}],"labels":[{"name":"tag","value":"@pytest.mark.xfail(reason='wrong url')"},{"name":"tag","value":"regression"},{"name":"parentSuite","value":"selenium_library.suninjuly_github_io.tests"},{"name":"suite","value":"test_registration"},{"name":"subSuite","value":"TestRegistrationPage"},{"name":"host","value":"pkrvmbietmlfzoi"},{"name":"thread","value":"2132-MainThread"},{"name":"framework","value":"pytest"},{"name":"language","value":"cpython3"},{"name":"package","value":"selenium_library.suninjuly_github_io.tests.test_registration"},{"name":"resultFormat","value":"allure2"}],"parameters":[],"links":[],"hidden":false,"retry":false,"extra":{"severity":"normal","retries":[],"categories":[],"tags":["@pytest.mark.xfail(reason='wrong url')","regression"]},"source":"7ad6a01b5de549.json","parameterValues":[]}