{"uid":"bf8e96fc6accbcf6","name":"test_guest_can_add_promo_offer_product_to_basket[3-Ukrainian]","fullName":"selenium_library.selenium1py_pythonanywhere.tests.test_product_page.TestProductPageAsGuest#test_guest_can_add_promo_offer_product_to_basket","historyId":"be3dedb1fc8dd3567f53d7cc93947959","time":{"start":1751144648792,"stop":1751144659537,"duration":10745},"status":"broken","statusMessage":"selenium.common.exceptions.NoSuchElementException: Message: no such element: Unable to locate element: {\"method\":\"css selector\",\"selector\":\".alertinner\"}\n  (Session info: chrome=137.0.7151.119); For documentation on this error, please visit: https://www.selenium.dev/documentation/webdriver/troubleshooting/errors#no-such-element-exception\nStacktrace:\n#0 0x56536d9f145a <unknown>\n#1 0x56536d496760 <unknown>\n#2 0x56536d4e8127 <unknown>\n#3 0x56536d4e8321 <unknown>\n#4 0x56536d536e94 <unknown>\n#5 0x56536d50de7d <unknown>\n#6 0x56536d53430b <unknown>\n#7 0x56536d50dc23 <unknown>\n#8 0x56536d4da4a5 <unknown>\n#9 0x56536d4db111 <unknown>\n#10 0x56536d9b5f1b <unknown>\n#11 0x56536d9b9e19 <unknown>\n#12 0x56536d99cac9 <unknown>\n#13 0x56536d9ba9c8 <unknown>\n#14 0x56536d98134f <unknown>\n#15 0x56536d9dea28 <unknown>\n#16 0x56536d9dec06 <unknown>\n#17 0x56536d9f0336 <unknown>\n#18 0x7f7635c9caa4 <unknown>\n#19 0x7f7635d29c3c <unknown>","statusTrace":"self = <test_product_page.TestProductPageAsGuest object at 0x7fab8cfb3390>\nbrowser = <selenium.webdriver.chrome.webdriver.WebDriver (session=\"f4af4ab4486d53a0b05624e46432dd7d\")>\noffer_number = '3'\n\n    @pytest.mark.promo\n    @pytest.mark.parametrize(\n        'offer_number',\n        # fmt: off\n    ['0', '1', '2', '3', '4', '5','6',\n        pytest.param('7', marks=pytest.mark.xfail),\n        '8', '9']\n        # fmt: on\n    )\n    def test_guest_can_add_promo_offer_product_to_basket(\n        self, browser, offer_number\n    ):\n        url = self._get_product_url(\n            f'coders-at-work_207/?promo=offer{offer_number}'\n        )\n        self.product_page.open_page(url)\n        self.product_page.should_be_promo_offer_product_page(offer_number)\n>       self.product_page.add_product_to_basket()\n\nselenium_library/selenium1py_pythonanywhere/tests/test_product_page.py:89: \n_ _ _ _ _ _ _ _ _ _ _ _ _ _ _ _ _ _ _ _ _ _ _ _ _ _ _ _ _ _ _ _ _ _ _ _ _ _ _ _ \nselenium_library/selenium1py_pythonanywhere/pages/product_page.py:91: in add_product_to_basket\n    self.should_have_success_message()\nselenium_library/selenium1py_pythonanywhere/pages/product_page.py:58: in should_have_success_message\n    assert self.find(\nselenium_library/selenium1py_pythonanywhere/pages/base_page.py:30: in find\n    return self.browser.find_element(*args)\n/opt/hostedtoolcache/Python/3.13.5/x64/lib/python3.13/site-packages/selenium/webdriver/remote/webdriver.py:914: in find_element\n    return self.execute(Command.FIND_ELEMENT, {\"using\": by, \"value\": value})[\"value\"]\n/opt/hostedtoolcache/Python/3.13.5/x64/lib/python3.13/site-packages/selenium/webdriver/remote/webdriver.py:447: in execute\n    self.error_handler.check_response(response)\n_ _ _ _ _ _ _ _ _ _ _ _ _ _ _ _ _ _ _ _ _ _ _ _ _ _ _ _ _ _ _ _ _ _ _ _ _ _ _ _ \n\nself = <selenium.webdriver.remote.errorhandler.ErrorHandler object at 0x7fab8c663ed0>\nresponse = {'status': 404, 'value': '{\"value\":{\"error\":\"no such element\",\"message\":\"no such element: Unable to locate element: {\\...\\\\n#17 0x56536d9f0336 \\\\u003Cunknown>\\\\n#18 0x7f7635c9caa4 \\\\u003Cunknown>\\\\n#19 0x7f7635d29c3c \\\\u003Cunknown>\\\\n\"}}'}\n\n    def check_response(self, response: Dict[str, Any]) -> None:\n        \"\"\"Checks that a JSON response from the WebDriver does not have an\n        error.\n    \n        :Args:\n         - response - The JSON response from the WebDriver server as a dictionary\n           object.\n    \n        :Raises: If the response contains an error message.\n        \"\"\"\n        status = response.get(\"status\", None)\n        if not status or status == ErrorCode.SUCCESS:\n            return\n        value = None\n        message = response.get(\"message\", \"\")\n        screen: str = response.get(\"screen\", \"\")\n        stacktrace = None\n        if isinstance(status, int):\n            value_json = response.get(\"value\", None)\n            if value_json and isinstance(value_json, str):\n                import json\n    \n                try:\n                    value = json.loads(value_json)\n                    if len(value) == 1:\n                        value = value[\"value\"]\n                    status = value.get(\"error\", None)\n                    if not status:\n                        status = value.get(\"status\", ErrorCode.UNKNOWN_ERROR)\n                        message = value.get(\"value\") or value.get(\"message\")\n                        if not isinstance(message, str):\n                            value = message\n                            message = message.get(\"message\")\n                    else:\n                        message = value.get(\"message\", None)\n                except ValueError:\n                    pass\n    \n        exception_class: Type[WebDriverException]\n        e = ErrorCode()\n        error_codes = [item for item in dir(e) if not item.startswith(\"__\")]\n        for error_code in error_codes:\n            error_info = getattr(ErrorCode, error_code)\n            if isinstance(error_info, list) and status in error_info:\n                exception_class = getattr(ExceptionMapping, error_code, WebDriverException)\n                break\n        else:\n            exception_class = WebDriverException\n    \n        if not value:\n            value = response[\"value\"]\n        if isinstance(value, str):\n            raise exception_class(value)\n        if message == \"\" and \"message\" in value:\n            message = value[\"message\"]\n    \n        screen = None  # type: ignore[assignment]\n        if \"screen\" in value:\n            screen = value[\"screen\"]\n    \n        stacktrace = None\n        st_value = value.get(\"stackTrace\") or value.get(\"stacktrace\")\n        if st_value:\n            if isinstance(st_value, str):\n                stacktrace = st_value.split(\"\\n\")\n            else:\n                stacktrace = []\n                try:\n                    for frame in st_value:\n                        line = frame.get(\"lineNumber\", \"\")\n                        file = frame.get(\"fileName\", \"<anonymous>\")\n                        if line:\n                            file = f\"{file}:{line}\"\n                        meth = frame.get(\"methodName\", \"<anonymous>\")\n                        if \"className\" in frame:\n                            meth = f\"{frame['className']}.{meth}\"\n                        msg = \"    at %s (%s)\"\n                        msg = msg % (meth, file)\n                        stacktrace.append(msg)\n                except TypeError:\n                    pass\n        if exception_class == UnexpectedAlertPresentException:\n            alert_text = None\n            if \"data\" in value:\n                alert_text = value[\"data\"].get(\"text\")\n            elif \"alert\" in value:\n                alert_text = value[\"alert\"].get(\"text\")\n            raise exception_class(message, screen, stacktrace, alert_text)  # type: ignore[call-arg]  # mypy is not smart enough here\n>       raise exception_class(message, screen, stacktrace)\nE       selenium.common.exceptions.NoSuchElementException: Message: no such element: Unable to locate element: {\"method\":\"css selector\",\"selector\":\".alertinner\"}\nE         (Session info: chrome=137.0.7151.119); For documentation on this error, please visit: https://www.selenium.dev/documentation/webdriver/troubleshooting/errors#no-such-element-exception\nE       Stacktrace:\nE       #0 0x56536d9f145a <unknown>\nE       #1 0x56536d496760 <unknown>\nE       #2 0x56536d4e8127 <unknown>\nE       #3 0x56536d4e8321 <unknown>\nE       #4 0x56536d536e94 <unknown>\nE       #5 0x56536d50de7d <unknown>\nE       #6 0x56536d53430b <unknown>\nE       #7 0x56536d50dc23 <unknown>\nE       #8 0x56536d4da4a5 <unknown>\nE       #9 0x56536d4db111 <unknown>\nE       #10 0x56536d9b5f1b <unknown>\nE       #11 0x56536d9b9e19 <unknown>\nE       #12 0x56536d99cac9 <unknown>\nE       #13 0x56536d9ba9c8 <unknown>\nE       #14 0x56536d98134f <unknown>\nE       #15 0x56536d9dea28 <unknown>\nE       #16 0x56536d9dec06 <unknown>\nE       #17 0x56536d9f0336 <unknown>\nE       #18 0x7f7635c9caa4 <unknown>\nE       #19 0x7f7635d29c3c <unknown>\n\n/opt/hostedtoolcache/Python/3.13.5/x64/lib/python3.13/site-packages/selenium/webdriver/remote/errorhandler.py:232: NoSuchElementException","flaky":false,"newFailed":false,"newBroken":false,"newPassed":false,"retriesCount":0,"retriesStatusChange":false,"beforeStages":[{"name":"browser","time":{"start":1751144648403,"stop":1751144648791,"duration":388},"status":"passed","steps":[],"attachments":[],"parameters":[],"shouldDisplayMessage":false,"stepsCount":0,"attachmentsCount":0,"hasContent":false,"attachmentStep":false},{"name":"setup","time":{"start":1751144648791,"stop":1751144648791,"duration":0},"status":"passed","steps":[],"attachments":[],"parameters":[],"shouldDisplayMessage":false,"stepsCount":0,"attachmentsCount":0,"hasContent":false,"attachmentStep":false}],"testStage":{"status":"broken","statusMessage":"selenium.common.exceptions.NoSuchElementException: Message: no such element: Unable to locate element: {\"method\":\"css selector\",\"selector\":\".alertinner\"}\n  (Session info: chrome=137.0.7151.119); For documentation on this error, please visit: https://www.selenium.dev/documentation/webdriver/troubleshooting/errors#no-such-element-exception\nStacktrace:\n#0 0x56536d9f145a <unknown>\n#1 0x56536d496760 <unknown>\n#2 0x56536d4e8127 <unknown>\n#3 0x56536d4e8321 <unknown>\n#4 0x56536d536e94 <unknown>\n#5 0x56536d50de7d <unknown>\n#6 0x56536d53430b <unknown>\n#7 0x56536d50dc23 <unknown>\n#8 0x56536d4da4a5 <unknown>\n#9 0x56536d4db111 <unknown>\n#10 0x56536d9b5f1b <unknown>\n#11 0x56536d9b9e19 <unknown>\n#12 0x56536d99cac9 <unknown>\n#13 0x56536d9ba9c8 <unknown>\n#14 0x56536d98134f <unknown>\n#15 0x56536d9dea28 <unknown>\n#16 0x56536d9dec06 <unknown>\n#17 0x56536d9f0336 <unknown>\n#18 0x7f7635c9caa4 <unknown>\n#19 0x7f7635d29c3c <unknown>","statusTrace":"self = <test_product_page.TestProductPageAsGuest object at 0x7fab8cfb3390>\nbrowser = <selenium.webdriver.chrome.webdriver.WebDriver (session=\"f4af4ab4486d53a0b05624e46432dd7d\")>\noffer_number = '3'\n\n    @pytest.mark.promo\n    @pytest.mark.parametrize(\n        'offer_number',\n        # fmt: off\n    ['0', '1', '2', '3', '4', '5','6',\n        pytest.param('7', marks=pytest.mark.xfail),\n        '8', '9']\n        # fmt: on\n    )\n    def test_guest_can_add_promo_offer_product_to_basket(\n        self, browser, offer_number\n    ):\n        url = self._get_product_url(\n            f'coders-at-work_207/?promo=offer{offer_number}'\n        )\n        self.product_page.open_page(url)\n        self.product_page.should_be_promo_offer_product_page(offer_number)\n>       self.product_page.add_product_to_basket()\n\nselenium_library/selenium1py_pythonanywhere/tests/test_product_page.py:89: \n_ _ _ _ _ _ _ _ _ _ _ _ _ _ _ _ _ _ _ _ _ _ _ _ _ _ _ _ _ _ _ _ _ _ _ _ _ _ _ _ \nselenium_library/selenium1py_pythonanywhere/pages/product_page.py:91: in add_product_to_basket\n    self.should_have_success_message()\nselenium_library/selenium1py_pythonanywhere/pages/product_page.py:58: in should_have_success_message\n    assert self.find(\nselenium_library/selenium1py_pythonanywhere/pages/base_page.py:30: in find\n    return self.browser.find_element(*args)\n/opt/hostedtoolcache/Python/3.13.5/x64/lib/python3.13/site-packages/selenium/webdriver/remote/webdriver.py:914: in find_element\n    return self.execute(Command.FIND_ELEMENT, {\"using\": by, \"value\": value})[\"value\"]\n/opt/hostedtoolcache/Python/3.13.5/x64/lib/python3.13/site-packages/selenium/webdriver/remote/webdriver.py:447: in execute\n    self.error_handler.check_response(response)\n_ _ _ _ _ _ _ _ _ _ _ _ _ _ _ _ _ _ _ _ _ _ _ _ _ _ _ _ _ _ _ _ _ _ _ _ _ _ _ _ \n\nself = <selenium.webdriver.remote.errorhandler.ErrorHandler object at 0x7fab8c663ed0>\nresponse = {'status': 404, 'value': '{\"value\":{\"error\":\"no such element\",\"message\":\"no such element: Unable to locate element: {\\...\\\\n#17 0x56536d9f0336 \\\\u003Cunknown>\\\\n#18 0x7f7635c9caa4 \\\\u003Cunknown>\\\\n#19 0x7f7635d29c3c \\\\u003Cunknown>\\\\n\"}}'}\n\n    def check_response(self, response: Dict[str, Any]) -> None:\n        \"\"\"Checks that a JSON response from the WebDriver does not have an\n        error.\n    \n        :Args:\n         - response - The JSON response from the WebDriver server as a dictionary\n           object.\n    \n        :Raises: If the response contains an error message.\n        \"\"\"\n        status = response.get(\"status\", None)\n        if not status or status == ErrorCode.SUCCESS:\n            return\n        value = None\n        message = response.get(\"message\", \"\")\n        screen: str = response.get(\"screen\", \"\")\n        stacktrace = None\n        if isinstance(status, int):\n            value_json = response.get(\"value\", None)\n            if value_json and isinstance(value_json, str):\n                import json\n    \n                try:\n                    value = json.loads(value_json)\n                    if len(value) == 1:\n                        value = value[\"value\"]\n                    status = value.get(\"error\", None)\n                    if not status:\n                        status = value.get(\"status\", ErrorCode.UNKNOWN_ERROR)\n                        message = value.get(\"value\") or value.get(\"message\")\n                        if not isinstance(message, str):\n                            value = message\n                            message = message.get(\"message\")\n                    else:\n                        message = value.get(\"message\", None)\n                except ValueError:\n                    pass\n    \n        exception_class: Type[WebDriverException]\n        e = ErrorCode()\n        error_codes = [item for item in dir(e) if not item.startswith(\"__\")]\n        for error_code in error_codes:\n            error_info = getattr(ErrorCode, error_code)\n            if isinstance(error_info, list) and status in error_info:\n                exception_class = getattr(ExceptionMapping, error_code, WebDriverException)\n                break\n        else:\n            exception_class = WebDriverException\n    \n        if not value:\n            value = response[\"value\"]\n        if isinstance(value, str):\n            raise exception_class(value)\n        if message == \"\" and \"message\" in value:\n            message = value[\"message\"]\n    \n        screen = None  # type: ignore[assignment]\n        if \"screen\" in value:\n            screen = value[\"screen\"]\n    \n        stacktrace = None\n        st_value = value.get(\"stackTrace\") or value.get(\"stacktrace\")\n        if st_value:\n            if isinstance(st_value, str):\n                stacktrace = st_value.split(\"\\n\")\n            else:\n                stacktrace = []\n                try:\n                    for frame in st_value:\n                        line = frame.get(\"lineNumber\", \"\")\n                        file = frame.get(\"fileName\", \"<anonymous>\")\n                        if line:\n                            file = f\"{file}:{line}\"\n                        meth = frame.get(\"methodName\", \"<anonymous>\")\n                        if \"className\" in frame:\n                            meth = f\"{frame['className']}.{meth}\"\n                        msg = \"    at %s (%s)\"\n                        msg = msg % (meth, file)\n                        stacktrace.append(msg)\n                except TypeError:\n                    pass\n        if exception_class == UnexpectedAlertPresentException:\n            alert_text = None\n            if \"data\" in value:\n                alert_text = value[\"data\"].get(\"text\")\n            elif \"alert\" in value:\n                alert_text = value[\"alert\"].get(\"text\")\n            raise exception_class(message, screen, stacktrace, alert_text)  # type: ignore[call-arg]  # mypy is not smart enough here\n>       raise exception_class(message, screen, stacktrace)\nE       selenium.common.exceptions.NoSuchElementException: Message: no such element: Unable to locate element: {\"method\":\"css selector\",\"selector\":\".alertinner\"}\nE         (Session info: chrome=137.0.7151.119); For documentation on this error, please visit: https://www.selenium.dev/documentation/webdriver/troubleshooting/errors#no-such-element-exception\nE       Stacktrace:\nE       #0 0x56536d9f145a <unknown>\nE       #1 0x56536d496760 <unknown>\nE       #2 0x56536d4e8127 <unknown>\nE       #3 0x56536d4e8321 <unknown>\nE       #4 0x56536d536e94 <unknown>\nE       #5 0x56536d50de7d <unknown>\nE       #6 0x56536d53430b <unknown>\nE       #7 0x56536d50dc23 <unknown>\nE       #8 0x56536d4da4a5 <unknown>\nE       #9 0x56536d4db111 <unknown>\nE       #10 0x56536d9b5f1b <unknown>\nE       #11 0x56536d9b9e19 <unknown>\nE       #12 0x56536d99cac9 <unknown>\nE       #13 0x56536d9ba9c8 <unknown>\nE       #14 0x56536d98134f <unknown>\nE       #15 0x56536d9dea28 <unknown>\nE       #16 0x56536d9dec06 <unknown>\nE       #17 0x56536d9f0336 <unknown>\nE       #18 0x7f7635c9caa4 <unknown>\nE       #19 0x7f7635d29c3c <unknown>\n\n/opt/hostedtoolcache/Python/3.13.5/x64/lib/python3.13/site-packages/selenium/webdriver/remote/errorhandler.py:232: NoSuchElementException","steps":[{"name":"Open page","time":{"start":1751144648792,"stop":1751144649212,"duration":420},"status":"passed","steps":[],"attachments":[],"parameters":[{"name":"url","value":"'https://selenium1py.pythonanywhere.com/uk/catalogue/coders-at-work_207/?promo=offer3'"}],"shouldDisplayMessage":false,"stepsCount":0,"attachmentsCount":0,"hasContent":true,"attachmentStep":false},{"name":"Assert product Promo Offer page contains its text in URL","time":{"start":1751144649213,"stop":1751144649217,"duration":4},"status":"passed","steps":[{"name":"Assert URL contains expected text","time":{"start":1751144649213,"stop":1751144649217,"duration":4},"status":"passed","steps":[],"attachments":[],"parameters":[{"name":"text","value":"'3'"}],"shouldDisplayMessage":false,"stepsCount":0,"attachmentsCount":0,"hasContent":true,"attachmentStep":false}],"attachments":[],"parameters":[{"name":"promo_offer","value":"'3'"}],"shouldDisplayMessage":false,"stepsCount":1,"attachmentsCount":0,"hasContent":true,"attachmentStep":false},{"name":"Add to basket button","time":{"start":1751144649217,"stop":1751144649226,"duration":9},"status":"passed","steps":[{"name":"Find element","time":{"start":1751144649217,"stop":1751144649226,"duration":9},"status":"passed","steps":[],"attachments":[],"parameters":[{"name":"args","value":"('css selector', 'button.btn-add-to-basket')"}],"shouldDisplayMessage":false,"stepsCount":0,"attachmentsCount":0,"hasContent":true,"attachmentStep":false}],"attachments":[],"parameters":[],"shouldDisplayMessage":false,"stepsCount":1,"attachmentsCount":0,"hasContent":true,"attachmentStep":false},{"name":"Solve quiz and type result into alert","time":{"start":1751144649300,"stop":1751144649467,"duration":167},"status":"passed","steps":[],"attachments":[],"parameters":[],"shouldDisplayMessage":false,"stepsCount":0,"attachmentsCount":0,"hasContent":false,"attachmentStep":false},{"name":"Assert success message is displayed","time":{"start":1751144649467,"stop":1751144659536,"duration":10069},"status":"broken","statusMessage":"selenium.common.exceptions.NoSuchElementException: Message: no such element: Unable to locate element: {\"method\":\"css selector\",\"selector\":\".alertinner\"}\n  (Session info: chrome=137.0.7151.119); For documentation on this error, please visit: https://www.selenium.dev/documentation/webdriver/troubleshooting/errors#no-such-element-exception\nStacktrace:\n#0 0x56536d9f145a <unknown>\n#1 0x56536d496760 <unknown>\n#2 0x56536d4e8127 <unknown>\n#3 0x56536d4e8321 <unknown>\n#4 0x56536d536e94 <unknown>\n#5 0x56536d50de7d <unknown>\n#6 0x56536d53430b <unknown>\n#7 0x56536d50dc23 <unknown>\n#8 0x56536d4da4a5 <unknown>\n#9 0x56536d4db111 <unknown>\n#10 0x56536d9b5f1b <unknown>\n#11 0x56536d9b9e19 <unknown>\n#12 0x56536d99cac9 <unknown>\n#13 0x56536d9ba9c8 <unknown>\n#14 0x56536d98134f <unknown>\n#15 0x56536d9dea28 <unknown>\n#16 0x56536d9dec06 <unknown>\n#17 0x56536d9f0336 <unknown>\n#18 0x7f7635c9caa4 <unknown>\n#19 0x7f7635d29c3c <unknown>\n\n","statusTrace":"  File \"/opt/hostedtoolcache/Python/3.13.5/x64/lib/python3.13/site-packages/allure_commons/_allure.py\", line 202, in impl\n    return func(*a, **kw)\n  File \"/home/runner/work/automation/automation/selenium_library/selenium1py_pythonanywhere/pages/product_page.py\", line 58, in should_have_success_message\n    assert self.find(\n           ~~~~~~~~~^\n        self.success_message_locator\n        ^^^^^^^^^^^^^^^^^^^^^^^^^^^^\n    ).is_displayed(), 'Success message is not presented, but should be'\n    ^\n  File \"/opt/hostedtoolcache/Python/3.13.5/x64/lib/python3.13/site-packages/allure_commons/_allure.py\", line 202, in impl\n    return func(*a, **kw)\n  File \"/home/runner/work/automation/automation/selenium_library/selenium1py_pythonanywhere/pages/base_page.py\", line 30, in find\n    return self.browser.find_element(*args)\n           ~~~~~~~~~~~~~~~~~~~~~~~~~^^^^^^^\n  File \"/opt/hostedtoolcache/Python/3.13.5/x64/lib/python3.13/site-packages/selenium/webdriver/remote/webdriver.py\", line 914, in find_element\n    return self.execute(Command.FIND_ELEMENT, {\"using\": by, \"value\": value})[\"value\"]\n           ~~~~~~~~~~~~^^^^^^^^^^^^^^^^^^^^^^^^^^^^^^^^^^^^^^^^^^^^^^^^^^^^^\n  File \"/opt/hostedtoolcache/Python/3.13.5/x64/lib/python3.13/site-packages/selenium/webdriver/remote/webdriver.py\", line 447, in execute\n    self.error_handler.check_response(response)\n    ~~~~~~~~~~~~~~~~~~~~~~~~~~~~~~~~~^^^^^^^^^^\n  File \"/opt/hostedtoolcache/Python/3.13.5/x64/lib/python3.13/site-packages/selenium/webdriver/remote/errorhandler.py\", line 232, in check_response\n    raise exception_class(message, screen, stacktrace)\n","steps":[{"name":"Find element","time":{"start":1751144649467,"stop":1751144659536,"duration":10069},"status":"broken","statusMessage":"selenium.common.exceptions.NoSuchElementException: Message: no such element: Unable to locate element: {\"method\":\"css selector\",\"selector\":\".alertinner\"}\n  (Session info: chrome=137.0.7151.119); For documentation on this error, please visit: https://www.selenium.dev/documentation/webdriver/troubleshooting/errors#no-such-element-exception\nStacktrace:\n#0 0x56536d9f145a <unknown>\n#1 0x56536d496760 <unknown>\n#2 0x56536d4e8127 <unknown>\n#3 0x56536d4e8321 <unknown>\n#4 0x56536d536e94 <unknown>\n#5 0x56536d50de7d <unknown>\n#6 0x56536d53430b <unknown>\n#7 0x56536d50dc23 <unknown>\n#8 0x56536d4da4a5 <unknown>\n#9 0x56536d4db111 <unknown>\n#10 0x56536d9b5f1b <unknown>\n#11 0x56536d9b9e19 <unknown>\n#12 0x56536d99cac9 <unknown>\n#13 0x56536d9ba9c8 <unknown>\n#14 0x56536d98134f <unknown>\n#15 0x56536d9dea28 <unknown>\n#16 0x56536d9dec06 <unknown>\n#17 0x56536d9f0336 <unknown>\n#18 0x7f7635c9caa4 <unknown>\n#19 0x7f7635d29c3c <unknown>\n\n","statusTrace":"  File \"/opt/hostedtoolcache/Python/3.13.5/x64/lib/python3.13/site-packages/allure_commons/_allure.py\", line 202, in impl\n    return func(*a, **kw)\n  File \"/home/runner/work/automation/automation/selenium_library/selenium1py_pythonanywhere/pages/base_page.py\", line 30, in find\n    return self.browser.find_element(*args)\n           ~~~~~~~~~~~~~~~~~~~~~~~~~^^^^^^^\n  File \"/opt/hostedtoolcache/Python/3.13.5/x64/lib/python3.13/site-packages/selenium/webdriver/remote/webdriver.py\", line 914, in find_element\n    return self.execute(Command.FIND_ELEMENT, {\"using\": by, \"value\": value})[\"value\"]\n           ~~~~~~~~~~~~^^^^^^^^^^^^^^^^^^^^^^^^^^^^^^^^^^^^^^^^^^^^^^^^^^^^^\n  File \"/opt/hostedtoolcache/Python/3.13.5/x64/lib/python3.13/site-packages/selenium/webdriver/remote/webdriver.py\", line 447, in execute\n    self.error_handler.check_response(response)\n    ~~~~~~~~~~~~~~~~~~~~~~~~~~~~~~~~~^^^^^^^^^^\n  File \"/opt/hostedtoolcache/Python/3.13.5/x64/lib/python3.13/site-packages/selenium/webdriver/remote/errorhandler.py\", line 232, in check_response\n    raise exception_class(message, screen, stacktrace)\n","steps":[],"attachments":[],"parameters":[{"name":"args","value":"('css selector', '.alertinner')"}],"shouldDisplayMessage":true,"stepsCount":0,"attachmentsCount":0,"hasContent":true,"attachmentStep":false}],"attachments":[],"parameters":[],"shouldDisplayMessage":false,"stepsCount":1,"attachmentsCount":0,"hasContent":true,"attachmentStep":false}],"attachments":[{"uid":"e227b941d69ed35f","name":"stdout","source":"e227b941d69ed35f.txt","type":"text/plain","size":82}],"parameters":[],"shouldDisplayMessage":true,"stepsCount":8,"attachmentsCount":1,"hasContent":true,"attachmentStep":false},"afterStages":[{"name":"browser::0","time":{"start":1751144659566,"stop":1751144659628,"duration":62},"status":"passed","steps":[],"attachments":[],"parameters":[],"shouldDisplayMessage":false,"stepsCount":0,"attachmentsCount":0,"hasContent":false,"attachmentStep":false}],"labels":[{"name":"tag","value":"promo"},{"name":"tag","value":"regression"},{"name":"tag","value":"guest"},{"name":"tag","value":"product_page"},{"name":"parentSuite","value":"selenium_library.selenium1py_pythonanywhere.tests"},{"name":"suite","value":"test_product_page"},{"name":"subSuite","value":"TestProductPageAsGuest"},{"name":"host","value":"pkrvmbietmlfzoi"},{"name":"thread","value":"2125-MainThread"},{"name":"framework","value":"pytest"},{"name":"language","value":"cpython3"},{"name":"package","value":"selenium_library.selenium1py_pythonanywhere.tests.test_product_page"},{"name":"resultFormat","value":"allure2"}],"parameters":[{"name":"language","value":"'Ukrainian'"},{"name":"offer_number","value":"'3'"}],"links":[],"hidden":true,"retry":true,"extra":{"categories":[],"tags":["promo","regression","product_page","guest"]},"source":"bf8e96fc6accbcf6.json","parameterValues":["'Ukrainian'","'3'"]}