{"uid":"d2f37f5908362dbc","name":"test_user_can_add_product_to_basket[German]","fullName":"selenium_library.selenium1py_pythonanywhere.tests.test_product_page.TestProductPageAsAuthenticatedUser#test_user_can_add_product_to_basket","historyId":"6cc0d0238c9bcba4ad6d46152eacb20c","time":{"start":1751144808204,"stop":1751144819335,"duration":11131},"status":"broken","statusMessage":"selenium.common.exceptions.NoSuchElementException: Message: no such element: Unable to locate element: {\"method\":\"css selector\",\"selector\":\".alertinner\"}\n  (Session info: chrome=137.0.7151.119); For documentation on this error, please visit: https://www.selenium.dev/documentation/webdriver/troubleshooting/errors#no-such-element-exception\nStacktrace:\n#0 0x55b82865a45a <unknown>\n#1 0x55b8280ff760 <unknown>\n#2 0x55b828151127 <unknown>\n#3 0x55b828151321 <unknown>\n#4 0x55b82819fe94 <unknown>\n#5 0x55b828176e7d <unknown>\n#6 0x55b82819d30b <unknown>\n#7 0x55b828176c23 <unknown>\n#8 0x55b8281434a5 <unknown>\n#9 0x55b828144111 <unknown>\n#10 0x55b82861ef1b <unknown>\n#11 0x55b828622e19 <unknown>\n#12 0x55b828605ac9 <unknown>\n#13 0x55b8286239c8 <unknown>\n#14 0x55b8285ea34f <unknown>\n#15 0x55b828647a28 <unknown>\n#16 0x55b828647c06 <unknown>\n#17 0x55b828659336 <unknown>\n#18 0x7f8c8429caa4 <unknown>\n#19 0x7f8c84329c3c <unknown>","statusTrace":"self = <test_product_page.TestProductPageAsAuthenticatedUser object at 0x7fab8d004640>\nbrowser = <selenium.webdriver.chrome.webdriver.WebDriver (session=\"2ff0b3844ea534aa2db9fe74408e30f0\")>\n\n    @pytest.mark.smoke\n    @pytest.mark.promo\n    def test_user_can_add_product_to_basket(self, browser):\n        url = self._get_product_url(\n            'the-shellcoders-handbook_209/?promo=newYear'\n        )\n        self.product_page.open_page(url)\n>       self.product_page.add_product_to_basket()\n\nselenium_library/selenium1py_pythonanywhere/tests/test_product_page.py:138: \n_ _ _ _ _ _ _ _ _ _ _ _ _ _ _ _ _ _ _ _ _ _ _ _ _ _ _ _ _ _ _ _ _ _ _ _ _ _ _ _ \nselenium_library/selenium1py_pythonanywhere/pages/product_page.py:91: in add_product_to_basket\n    self.should_have_success_message()\nselenium_library/selenium1py_pythonanywhere/pages/product_page.py:58: in should_have_success_message\n    assert self.find(\nselenium_library/selenium1py_pythonanywhere/pages/base_page.py:30: in find\n    return self.browser.find_element(*args)\n/opt/hostedtoolcache/Python/3.13.5/x64/lib/python3.13/site-packages/selenium/webdriver/remote/webdriver.py:914: in find_element\n    return self.execute(Command.FIND_ELEMENT, {\"using\": by, \"value\": value})[\"value\"]\n/opt/hostedtoolcache/Python/3.13.5/x64/lib/python3.13/site-packages/selenium/webdriver/remote/webdriver.py:447: in execute\n    self.error_handler.check_response(response)\n_ _ _ _ _ _ _ _ _ _ _ _ _ _ _ _ _ _ _ _ _ _ _ _ _ _ _ _ _ _ _ _ _ _ _ _ _ _ _ _ \n\nself = <selenium.webdriver.remote.errorhandler.ErrorHandler object at 0x7fab8c710500>\nresponse = {'status': 404, 'value': '{\"value\":{\"error\":\"no such element\",\"message\":\"no such element: Unable to locate element: {\\...\\\\n#17 0x55b828659336 \\\\u003Cunknown>\\\\n#18 0x7f8c8429caa4 \\\\u003Cunknown>\\\\n#19 0x7f8c84329c3c \\\\u003Cunknown>\\\\n\"}}'}\n\n    def check_response(self, response: Dict[str, Any]) -> None:\n        \"\"\"Checks that a JSON response from the WebDriver does not have an\n        error.\n    \n        :Args:\n         - response - The JSON response from the WebDriver server as a dictionary\n           object.\n    \n        :Raises: If the response contains an error message.\n        \"\"\"\n        status = response.get(\"status\", None)\n        if not status or status == ErrorCode.SUCCESS:\n            return\n        value = None\n        message = response.get(\"message\", \"\")\n        screen: str = response.get(\"screen\", \"\")\n        stacktrace = None\n        if isinstance(status, int):\n            value_json = response.get(\"value\", None)\n            if value_json and isinstance(value_json, str):\n                import json\n    \n                try:\n                    value = json.loads(value_json)\n                    if len(value) == 1:\n                        value = value[\"value\"]\n                    status = value.get(\"error\", None)\n                    if not status:\n                        status = value.get(\"status\", ErrorCode.UNKNOWN_ERROR)\n                        message = value.get(\"value\") or value.get(\"message\")\n                        if not isinstance(message, str):\n                            value = message\n                            message = message.get(\"message\")\n                    else:\n                        message = value.get(\"message\", None)\n                except ValueError:\n                    pass\n    \n        exception_class: Type[WebDriverException]\n        e = ErrorCode()\n        error_codes = [item for item in dir(e) if not item.startswith(\"__\")]\n        for error_code in error_codes:\n            error_info = getattr(ErrorCode, error_code)\n            if isinstance(error_info, list) and status in error_info:\n                exception_class = getattr(ExceptionMapping, error_code, WebDriverException)\n                break\n        else:\n            exception_class = WebDriverException\n    \n        if not value:\n            value = response[\"value\"]\n        if isinstance(value, str):\n            raise exception_class(value)\n        if message == \"\" and \"message\" in value:\n            message = value[\"message\"]\n    \n        screen = None  # type: ignore[assignment]\n        if \"screen\" in value:\n            screen = value[\"screen\"]\n    \n        stacktrace = None\n        st_value = value.get(\"stackTrace\") or value.get(\"stacktrace\")\n        if st_value:\n            if isinstance(st_value, str):\n                stacktrace = st_value.split(\"\\n\")\n            else:\n                stacktrace = []\n                try:\n                    for frame in st_value:\n                        line = frame.get(\"lineNumber\", \"\")\n                        file = frame.get(\"fileName\", \"<anonymous>\")\n                        if line:\n                            file = f\"{file}:{line}\"\n                        meth = frame.get(\"methodName\", \"<anonymous>\")\n                        if \"className\" in frame:\n                            meth = f\"{frame['className']}.{meth}\"\n                        msg = \"    at %s (%s)\"\n                        msg = msg % (meth, file)\n                        stacktrace.append(msg)\n                except TypeError:\n                    pass\n        if exception_class == UnexpectedAlertPresentException:\n            alert_text = None\n            if \"data\" in value:\n                alert_text = value[\"data\"].get(\"text\")\n            elif \"alert\" in value:\n                alert_text = value[\"alert\"].get(\"text\")\n            raise exception_class(message, screen, stacktrace, alert_text)  # type: ignore[call-arg]  # mypy is not smart enough here\n>       raise exception_class(message, screen, stacktrace)\nE       selenium.common.exceptions.NoSuchElementException: Message: no such element: Unable to locate element: {\"method\":\"css selector\",\"selector\":\".alertinner\"}\nE         (Session info: chrome=137.0.7151.119); For documentation on this error, please visit: https://www.selenium.dev/documentation/webdriver/troubleshooting/errors#no-such-element-exception\nE       Stacktrace:\nE       #0 0x55b82865a45a <unknown>\nE       #1 0x55b8280ff760 <unknown>\nE       #2 0x55b828151127 <unknown>\nE       #3 0x55b828151321 <unknown>\nE       #4 0x55b82819fe94 <unknown>\nE       #5 0x55b828176e7d <unknown>\nE       #6 0x55b82819d30b <unknown>\nE       #7 0x55b828176c23 <unknown>\nE       #8 0x55b8281434a5 <unknown>\nE       #9 0x55b828144111 <unknown>\nE       #10 0x55b82861ef1b <unknown>\nE       #11 0x55b828622e19 <unknown>\nE       #12 0x55b828605ac9 <unknown>\nE       #13 0x55b8286239c8 <unknown>\nE       #14 0x55b8285ea34f <unknown>\nE       #15 0x55b828647a28 <unknown>\nE       #16 0x55b828647c06 <unknown>\nE       #17 0x55b828659336 <unknown>\nE       #18 0x7f8c8429caa4 <unknown>\nE       #19 0x7f8c84329c3c <unknown>\n\n/opt/hostedtoolcache/Python/3.13.5/x64/lib/python3.13/site-packages/selenium/webdriver/remote/errorhandler.py:232: NoSuchElementException","flaky":false,"newFailed":false,"newBroken":false,"newPassed":false,"retriesCount":0,"retriesStatusChange":false,"beforeStages":[{"name":"browser","time":{"start":1751144805893,"stop":1751144806266,"duration":373},"status":"passed","steps":[],"attachments":[],"parameters":[],"shouldDisplayMessage":false,"stepsCount":0,"attachmentsCount":0,"hasContent":false,"attachmentStep":false},{"name":"random_generator","time":{"start":1751144806266,"stop":1751144806267,"duration":1},"status":"passed","steps":[],"attachments":[],"parameters":[],"shouldDisplayMessage":false,"stepsCount":0,"attachmentsCount":0,"hasContent":false,"attachmentStep":false},{"name":"setup","time":{"start":1751144806267,"stop":1751144808204,"duration":1937},"status":"passed","steps":[{"name":"Open page","time":{"start":1751144806267,"stop":1751144806530,"duration":263},"status":"passed","steps":[],"attachments":[],"parameters":[{"name":"url","value":"'https://selenium1py.pythonanywhere.com/de/accounts/login/'"}],"shouldDisplayMessage":false,"stepsCount":0,"attachmentsCount":0,"hasContent":true,"attachmentStep":false},{"name":"Register new user","time":{"start":1751144806530,"stop":1751144806738,"duration":208},"status":"passed","steps":[{"name":"Find element","time":{"start":1751144806535,"stop":1751144806543,"duration":8},"status":"passed","steps":[],"attachments":[],"parameters":[{"name":"args","value":"('css selector', '#id_registration-email')"}],"shouldDisplayMessage":false,"stepsCount":0,"attachmentsCount":0,"hasContent":true,"attachmentStep":false},{"name":"Find element","time":{"start":1751144806598,"stop":1751144806607,"duration":9},"status":"passed","steps":[],"attachments":[],"parameters":[{"name":"args","value":"('css selector', '#id_registration-password1')"}],"shouldDisplayMessage":false,"stepsCount":0,"attachmentsCount":0,"hasContent":true,"attachmentStep":false},{"name":"Find element","time":{"start":1751144806643,"stop":1751144806652,"duration":9},"status":"passed","steps":[],"attachments":[],"parameters":[{"name":"args","value":"('css selector', '#id_registration-password2')"}],"shouldDisplayMessage":false,"stepsCount":0,"attachmentsCount":0,"hasContent":true,"attachmentStep":false},{"name":"Find element","time":{"start":1751144806687,"stop":1751144806696,"duration":9},"status":"passed","steps":[],"attachments":[],"parameters":[{"name":"args","value":"('css selector', 'button[name=\"registration_submit\"]')"}],"shouldDisplayMessage":false,"stepsCount":0,"attachmentsCount":0,"hasContent":true,"attachmentStep":false}],"attachments":[],"parameters":[{"name":"email","value":"'hensleymichael@example.org'"},{"name":"password","value":"'(CAE0Q)a!2'"}],"shouldDisplayMessage":false,"stepsCount":4,"attachmentsCount":0,"hasContent":true,"attachmentStep":false},{"name":"Assert user email matches the one typed into registration form","time":{"start":1751144806739,"stop":1751144808204,"duration":1465},"status":"passed","steps":[{"name":"Find element","time":{"start":1751144806739,"stop":1751144807950,"duration":1211},"status":"passed","steps":[],"attachments":[],"parameters":[{"name":"args","value":"('css selector', '.icon-user')"}],"shouldDisplayMessage":false,"stepsCount":0,"attachmentsCount":0,"hasContent":true,"attachmentStep":false},{"name":"Find element","time":{"start":1751144808182,"stop":1751144808192,"duration":10},"status":"passed","steps":[],"attachments":[],"parameters":[{"name":"args","value":"('css selector', 'tr:nth-child(2) td')"}],"shouldDisplayMessage":false,"stepsCount":0,"attachmentsCount":0,"hasContent":true,"attachmentStep":false}],"attachments":[],"parameters":[{"name":"email","value":"'hensleymichael@example.org'"}],"shouldDisplayMessage":false,"stepsCount":2,"attachmentsCount":0,"hasContent":true,"attachmentStep":false}],"attachments":[],"parameters":[],"shouldDisplayMessage":false,"stepsCount":9,"attachmentsCount":0,"hasContent":true,"attachmentStep":false}],"testStage":{"status":"broken","statusMessage":"selenium.common.exceptions.NoSuchElementException: Message: no such element: Unable to locate element: {\"method\":\"css selector\",\"selector\":\".alertinner\"}\n  (Session info: chrome=137.0.7151.119); For documentation on this error, please visit: https://www.selenium.dev/documentation/webdriver/troubleshooting/errors#no-such-element-exception\nStacktrace:\n#0 0x55b82865a45a <unknown>\n#1 0x55b8280ff760 <unknown>\n#2 0x55b828151127 <unknown>\n#3 0x55b828151321 <unknown>\n#4 0x55b82819fe94 <unknown>\n#5 0x55b828176e7d <unknown>\n#6 0x55b82819d30b <unknown>\n#7 0x55b828176c23 <unknown>\n#8 0x55b8281434a5 <unknown>\n#9 0x55b828144111 <unknown>\n#10 0x55b82861ef1b <unknown>\n#11 0x55b828622e19 <unknown>\n#12 0x55b828605ac9 <unknown>\n#13 0x55b8286239c8 <unknown>\n#14 0x55b8285ea34f <unknown>\n#15 0x55b828647a28 <unknown>\n#16 0x55b828647c06 <unknown>\n#17 0x55b828659336 <unknown>\n#18 0x7f8c8429caa4 <unknown>\n#19 0x7f8c84329c3c <unknown>","statusTrace":"self = <test_product_page.TestProductPageAsAuthenticatedUser object at 0x7fab8d004640>\nbrowser = <selenium.webdriver.chrome.webdriver.WebDriver (session=\"2ff0b3844ea534aa2db9fe74408e30f0\")>\n\n    @pytest.mark.smoke\n    @pytest.mark.promo\n    def test_user_can_add_product_to_basket(self, browser):\n        url = self._get_product_url(\n            'the-shellcoders-handbook_209/?promo=newYear'\n        )\n        self.product_page.open_page(url)\n>       self.product_page.add_product_to_basket()\n\nselenium_library/selenium1py_pythonanywhere/tests/test_product_page.py:138: \n_ _ _ _ _ _ _ _ _ _ _ _ _ _ _ _ _ _ _ _ _ _ _ _ _ _ _ _ _ _ _ _ _ _ _ _ _ _ _ _ \nselenium_library/selenium1py_pythonanywhere/pages/product_page.py:91: in add_product_to_basket\n    self.should_have_success_message()\nselenium_library/selenium1py_pythonanywhere/pages/product_page.py:58: in should_have_success_message\n    assert self.find(\nselenium_library/selenium1py_pythonanywhere/pages/base_page.py:30: in find\n    return self.browser.find_element(*args)\n/opt/hostedtoolcache/Python/3.13.5/x64/lib/python3.13/site-packages/selenium/webdriver/remote/webdriver.py:914: in find_element\n    return self.execute(Command.FIND_ELEMENT, {\"using\": by, \"value\": value})[\"value\"]\n/opt/hostedtoolcache/Python/3.13.5/x64/lib/python3.13/site-packages/selenium/webdriver/remote/webdriver.py:447: in execute\n    self.error_handler.check_response(response)\n_ _ _ _ _ _ _ _ _ _ _ _ _ _ _ _ _ _ _ _ _ _ _ _ _ _ _ _ _ _ _ _ _ _ _ _ _ _ _ _ \n\nself = <selenium.webdriver.remote.errorhandler.ErrorHandler object at 0x7fab8c710500>\nresponse = {'status': 404, 'value': '{\"value\":{\"error\":\"no such element\",\"message\":\"no such element: Unable to locate element: {\\...\\\\n#17 0x55b828659336 \\\\u003Cunknown>\\\\n#18 0x7f8c8429caa4 \\\\u003Cunknown>\\\\n#19 0x7f8c84329c3c \\\\u003Cunknown>\\\\n\"}}'}\n\n    def check_response(self, response: Dict[str, Any]) -> None:\n        \"\"\"Checks that a JSON response from the WebDriver does not have an\n        error.\n    \n        :Args:\n         - response - The JSON response from the WebDriver server as a dictionary\n           object.\n    \n        :Raises: If the response contains an error message.\n        \"\"\"\n        status = response.get(\"status\", None)\n        if not status or status == ErrorCode.SUCCESS:\n            return\n        value = None\n        message = response.get(\"message\", \"\")\n        screen: str = response.get(\"screen\", \"\")\n        stacktrace = None\n        if isinstance(status, int):\n            value_json = response.get(\"value\", None)\n            if value_json and isinstance(value_json, str):\n                import json\n    \n                try:\n                    value = json.loads(value_json)\n                    if len(value) == 1:\n                        value = value[\"value\"]\n                    status = value.get(\"error\", None)\n                    if not status:\n                        status = value.get(\"status\", ErrorCode.UNKNOWN_ERROR)\n                        message = value.get(\"value\") or value.get(\"message\")\n                        if not isinstance(message, str):\n                            value = message\n                            message = message.get(\"message\")\n                    else:\n                        message = value.get(\"message\", None)\n                except ValueError:\n                    pass\n    \n        exception_class: Type[WebDriverException]\n        e = ErrorCode()\n        error_codes = [item for item in dir(e) if not item.startswith(\"__\")]\n        for error_code in error_codes:\n            error_info = getattr(ErrorCode, error_code)\n            if isinstance(error_info, list) and status in error_info:\n                exception_class = getattr(ExceptionMapping, error_code, WebDriverException)\n                break\n        else:\n            exception_class = WebDriverException\n    \n        if not value:\n            value = response[\"value\"]\n        if isinstance(value, str):\n            raise exception_class(value)\n        if message == \"\" and \"message\" in value:\n            message = value[\"message\"]\n    \n        screen = None  # type: ignore[assignment]\n        if \"screen\" in value:\n            screen = value[\"screen\"]\n    \n        stacktrace = None\n        st_value = value.get(\"stackTrace\") or value.get(\"stacktrace\")\n        if st_value:\n            if isinstance(st_value, str):\n                stacktrace = st_value.split(\"\\n\")\n            else:\n                stacktrace = []\n                try:\n                    for frame in st_value:\n                        line = frame.get(\"lineNumber\", \"\")\n                        file = frame.get(\"fileName\", \"<anonymous>\")\n                        if line:\n                            file = f\"{file}:{line}\"\n                        meth = frame.get(\"methodName\", \"<anonymous>\")\n                        if \"className\" in frame:\n                            meth = f\"{frame['className']}.{meth}\"\n                        msg = \"    at %s (%s)\"\n                        msg = msg % (meth, file)\n                        stacktrace.append(msg)\n                except TypeError:\n                    pass\n        if exception_class == UnexpectedAlertPresentException:\n            alert_text = None\n            if \"data\" in value:\n                alert_text = value[\"data\"].get(\"text\")\n            elif \"alert\" in value:\n                alert_text = value[\"alert\"].get(\"text\")\n            raise exception_class(message, screen, stacktrace, alert_text)  # type: ignore[call-arg]  # mypy is not smart enough here\n>       raise exception_class(message, screen, stacktrace)\nE       selenium.common.exceptions.NoSuchElementException: Message: no such element: Unable to locate element: {\"method\":\"css selector\",\"selector\":\".alertinner\"}\nE         (Session info: chrome=137.0.7151.119); For documentation on this error, please visit: https://www.selenium.dev/documentation/webdriver/troubleshooting/errors#no-such-element-exception\nE       Stacktrace:\nE       #0 0x55b82865a45a <unknown>\nE       #1 0x55b8280ff760 <unknown>\nE       #2 0x55b828151127 <unknown>\nE       #3 0x55b828151321 <unknown>\nE       #4 0x55b82819fe94 <unknown>\nE       #5 0x55b828176e7d <unknown>\nE       #6 0x55b82819d30b <unknown>\nE       #7 0x55b828176c23 <unknown>\nE       #8 0x55b8281434a5 <unknown>\nE       #9 0x55b828144111 <unknown>\nE       #10 0x55b82861ef1b <unknown>\nE       #11 0x55b828622e19 <unknown>\nE       #12 0x55b828605ac9 <unknown>\nE       #13 0x55b8286239c8 <unknown>\nE       #14 0x55b8285ea34f <unknown>\nE       #15 0x55b828647a28 <unknown>\nE       #16 0x55b828647c06 <unknown>\nE       #17 0x55b828659336 <unknown>\nE       #18 0x7f8c8429caa4 <unknown>\nE       #19 0x7f8c84329c3c <unknown>\n\n/opt/hostedtoolcache/Python/3.13.5/x64/lib/python3.13/site-packages/selenium/webdriver/remote/errorhandler.py:232: NoSuchElementException","steps":[{"name":"Open page","time":{"start":1751144808204,"stop":1751144808660,"duration":456},"status":"passed","steps":[],"attachments":[],"parameters":[{"name":"url","value":"'https://selenium1py.pythonanywhere.com/de/catalogue/the-shellcoders-handbook_209/?promo=newYear'"}],"shouldDisplayMessage":false,"stepsCount":0,"attachmentsCount":0,"hasContent":true,"attachmentStep":false},{"name":"Add to basket button","time":{"start":1751144808660,"stop":1751144808669,"duration":9},"status":"passed","steps":[{"name":"Find element","time":{"start":1751144808660,"stop":1751144808669,"duration":9},"status":"passed","steps":[],"attachments":[],"parameters":[{"name":"args","value":"('css selector', 'button.btn-add-to-basket')"}],"shouldDisplayMessage":false,"stepsCount":0,"attachmentsCount":0,"hasContent":true,"attachmentStep":false}],"attachments":[],"parameters":[],"shouldDisplayMessage":false,"stepsCount":1,"attachmentsCount":0,"hasContent":true,"attachmentStep":false},{"name":"Solve quiz and type result into alert","time":{"start":1751144808735,"stop":1751144808795,"duration":60},"status":"passed","steps":[],"attachments":[],"parameters":[],"shouldDisplayMessage":false,"stepsCount":0,"attachmentsCount":0,"hasContent":false,"attachmentStep":false},{"name":"Assert success message is displayed","time":{"start":1751144808796,"stop":1751144819334,"duration":10538},"status":"broken","statusMessage":"selenium.common.exceptions.NoSuchElementException: Message: no such element: Unable to locate element: {\"method\":\"css selector\",\"selector\":\".alertinner\"}\n  (Session info: chrome=137.0.7151.119); For documentation on this error, please visit: https://www.selenium.dev/documentation/webdriver/troubleshooting/errors#no-such-element-exception\nStacktrace:\n#0 0x55b82865a45a <unknown>\n#1 0x55b8280ff760 <unknown>\n#2 0x55b828151127 <unknown>\n#3 0x55b828151321 <unknown>\n#4 0x55b82819fe94 <unknown>\n#5 0x55b828176e7d <unknown>\n#6 0x55b82819d30b <unknown>\n#7 0x55b828176c23 <unknown>\n#8 0x55b8281434a5 <unknown>\n#9 0x55b828144111 <unknown>\n#10 0x55b82861ef1b <unknown>\n#11 0x55b828622e19 <unknown>\n#12 0x55b828605ac9 <unknown>\n#13 0x55b8286239c8 <unknown>\n#14 0x55b8285ea34f <unknown>\n#15 0x55b828647a28 <unknown>\n#16 0x55b828647c06 <unknown>\n#17 0x55b828659336 <unknown>\n#18 0x7f8c8429caa4 <unknown>\n#19 0x7f8c84329c3c <unknown>\n\n","statusTrace":"  File \"/opt/hostedtoolcache/Python/3.13.5/x64/lib/python3.13/site-packages/allure_commons/_allure.py\", line 202, in impl\n    return func(*a, **kw)\n  File \"/home/runner/work/automation/automation/selenium_library/selenium1py_pythonanywhere/pages/product_page.py\", line 58, in should_have_success_message\n    assert self.find(\n           ~~~~~~~~~^\n        self.success_message_locator\n        ^^^^^^^^^^^^^^^^^^^^^^^^^^^^\n    ).is_displayed(), 'Success message is not presented, but should be'\n    ^\n  File \"/opt/hostedtoolcache/Python/3.13.5/x64/lib/python3.13/site-packages/allure_commons/_allure.py\", line 202, in impl\n    return func(*a, **kw)\n  File \"/home/runner/work/automation/automation/selenium_library/selenium1py_pythonanywhere/pages/base_page.py\", line 30, in find\n    return self.browser.find_element(*args)\n           ~~~~~~~~~~~~~~~~~~~~~~~~~^^^^^^^\n  File \"/opt/hostedtoolcache/Python/3.13.5/x64/lib/python3.13/site-packages/selenium/webdriver/remote/webdriver.py\", line 914, in find_element\n    return self.execute(Command.FIND_ELEMENT, {\"using\": by, \"value\": value})[\"value\"]\n           ~~~~~~~~~~~~^^^^^^^^^^^^^^^^^^^^^^^^^^^^^^^^^^^^^^^^^^^^^^^^^^^^^\n  File \"/opt/hostedtoolcache/Python/3.13.5/x64/lib/python3.13/site-packages/selenium/webdriver/remote/webdriver.py\", line 447, in execute\n    self.error_handler.check_response(response)\n    ~~~~~~~~~~~~~~~~~~~~~~~~~~~~~~~~~^^^^^^^^^^\n  File \"/opt/hostedtoolcache/Python/3.13.5/x64/lib/python3.13/site-packages/selenium/webdriver/remote/errorhandler.py\", line 232, in check_response\n    raise exception_class(message, screen, stacktrace)\n","steps":[{"name":"Find element","time":{"start":1751144808796,"stop":1751144819333,"duration":10537},"status":"broken","statusMessage":"selenium.common.exceptions.NoSuchElementException: Message: no such element: Unable to locate element: {\"method\":\"css selector\",\"selector\":\".alertinner\"}\n  (Session info: chrome=137.0.7151.119); For documentation on this error, please visit: https://www.selenium.dev/documentation/webdriver/troubleshooting/errors#no-such-element-exception\nStacktrace:\n#0 0x55b82865a45a <unknown>\n#1 0x55b8280ff760 <unknown>\n#2 0x55b828151127 <unknown>\n#3 0x55b828151321 <unknown>\n#4 0x55b82819fe94 <unknown>\n#5 0x55b828176e7d <unknown>\n#6 0x55b82819d30b <unknown>\n#7 0x55b828176c23 <unknown>\n#8 0x55b8281434a5 <unknown>\n#9 0x55b828144111 <unknown>\n#10 0x55b82861ef1b <unknown>\n#11 0x55b828622e19 <unknown>\n#12 0x55b828605ac9 <unknown>\n#13 0x55b8286239c8 <unknown>\n#14 0x55b8285ea34f <unknown>\n#15 0x55b828647a28 <unknown>\n#16 0x55b828647c06 <unknown>\n#17 0x55b828659336 <unknown>\n#18 0x7f8c8429caa4 <unknown>\n#19 0x7f8c84329c3c <unknown>\n\n","statusTrace":"  File \"/opt/hostedtoolcache/Python/3.13.5/x64/lib/python3.13/site-packages/allure_commons/_allure.py\", line 202, in impl\n    return func(*a, **kw)\n  File \"/home/runner/work/automation/automation/selenium_library/selenium1py_pythonanywhere/pages/base_page.py\", line 30, in find\n    return self.browser.find_element(*args)\n           ~~~~~~~~~~~~~~~~~~~~~~~~~^^^^^^^\n  File \"/opt/hostedtoolcache/Python/3.13.5/x64/lib/python3.13/site-packages/selenium/webdriver/remote/webdriver.py\", line 914, in find_element\n    return self.execute(Command.FIND_ELEMENT, {\"using\": by, \"value\": value})[\"value\"]\n           ~~~~~~~~~~~~^^^^^^^^^^^^^^^^^^^^^^^^^^^^^^^^^^^^^^^^^^^^^^^^^^^^^\n  File \"/opt/hostedtoolcache/Python/3.13.5/x64/lib/python3.13/site-packages/selenium/webdriver/remote/webdriver.py\", line 447, in execute\n    self.error_handler.check_response(response)\n    ~~~~~~~~~~~~~~~~~~~~~~~~~~~~~~~~~^^^^^^^^^^\n  File \"/opt/hostedtoolcache/Python/3.13.5/x64/lib/python3.13/site-packages/selenium/webdriver/remote/errorhandler.py\", line 232, in check_response\n    raise exception_class(message, screen, stacktrace)\n","steps":[],"attachments":[],"parameters":[{"name":"args","value":"('css selector', '.alertinner')"}],"shouldDisplayMessage":true,"stepsCount":0,"attachmentsCount":0,"hasContent":true,"attachmentStep":false}],"attachments":[],"parameters":[],"shouldDisplayMessage":false,"stepsCount":1,"attachmentsCount":0,"hasContent":true,"attachmentStep":false}],"attachments":[{"uid":"16217e2a5c357803","name":"stdout","source":"16217e2a5c357803.txt","type":"text/plain","size":85}],"parameters":[],"shouldDisplayMessage":true,"stepsCount":6,"attachmentsCount":1,"hasContent":true,"attachmentStep":false},"afterStages":[{"name":"browser::0","time":{"start":1751144819363,"stop":1751144819426,"duration":63},"status":"passed","steps":[],"attachments":[],"parameters":[],"shouldDisplayMessage":false,"stepsCount":0,"attachmentsCount":0,"hasContent":false,"attachmentStep":false}],"labels":[{"name":"tag","value":"promo"},{"name":"tag","value":"smoke"},{"name":"tag","value":"regression"},{"name":"tag","value":"user"},{"name":"tag","value":"product_page"},{"name":"parentSuite","value":"selenium_library.selenium1py_pythonanywhere.tests"},{"name":"suite","value":"test_product_page"},{"name":"subSuite","value":"TestProductPageAsAuthenticatedUser"},{"name":"host","value":"pkrvmbietmlfzoi"},{"name":"thread","value":"2125-MainThread"},{"name":"framework","value":"pytest"},{"name":"language","value":"cpython3"},{"name":"package","value":"selenium_library.selenium1py_pythonanywhere.tests.test_product_page"},{"name":"resultFormat","value":"allure2"}],"parameters":[{"name":"language","value":"'German'"}],"links":[],"hidden":true,"retry":true,"extra":{"categories":[],"tags":["promo","regression","smoke","product_page","user"]},"source":"d2f37f5908362dbc.json","parameterValues":["'German'"]}