{"uid":"ee8214d13dcb139d","name":"test_guest_can_add_promo_offer_product_to_basket[4-Russian]","fullName":"selenium_library.selenium1py_pythonanywhere.tests.test_product_page.TestProductPageAsGuest#test_guest_can_add_promo_offer_product_to_basket","historyId":"43016915ae231c8dada4f3864c95d15b","time":{"start":1751144664029,"stop":1751144674301,"duration":10272},"status":"broken","statusMessage":"selenium.common.exceptions.NoSuchElementException: Message: no such element: Unable to locate element: {\"method\":\"css selector\",\"selector\":\"button.btn-add-to-basket\"}\n  (Session info: chrome=137.0.7151.119); For documentation on this error, please visit: https://www.selenium.dev/documentation/webdriver/troubleshooting/errors#no-such-element-exception\nStacktrace:\n#0 0x564a4bcb445a <unknown>\n#1 0x564a4b759760 <unknown>\n#2 0x564a4b7ab127 <unknown>\n#3 0x564a4b7ab321 <unknown>\n#4 0x564a4b7f9e94 <unknown>\n#5 0x564a4b7d0e7d <unknown>\n#6 0x564a4b7f730b <unknown>\n#7 0x564a4b7d0c23 <unknown>\n#8 0x564a4b79d4a5 <unknown>\n#9 0x564a4b79e111 <unknown>\n#10 0x564a4bc78f1b <unknown>\n#11 0x564a4bc7ce19 <unknown>\n#12 0x564a4bc5fac9 <unknown>\n#13 0x564a4bc7d9c8 <unknown>\n#14 0x564a4bc4434f <unknown>\n#15 0x564a4bca1a28 <unknown>\n#16 0x564a4bca1c06 <unknown>\n#17 0x564a4bcb3336 <unknown>\n#18 0x7f5a7949caa4 <unknown>\n#19 0x7f5a79529c3c <unknown>","statusTrace":"self = <test_product_page.TestProductPageAsGuest object at 0x7fab8cfb32a0>\nbrowser = <selenium.webdriver.chrome.webdriver.WebDriver (session=\"5a369ea7c140a9f256b7b6521938ea44\")>\noffer_number = '4'\n\n    @pytest.mark.promo\n    @pytest.mark.parametrize(\n        'offer_number',\n        # fmt: off\n    ['0', '1', '2', '3', '4', '5','6',\n        pytest.param('7', marks=pytest.mark.xfail),\n        '8', '9']\n        # fmt: on\n    )\n    def test_guest_can_add_promo_offer_product_to_basket(\n        self, browser, offer_number\n    ):\n        url = self._get_product_url(\n            f'coders-at-work_207/?promo=offer{offer_number}'\n        )\n        self.product_page.open_page(url)\n        self.product_page.should_be_promo_offer_product_page(offer_number)\n>       self.product_page.add_product_to_basket()\n\nselenium_library/selenium1py_pythonanywhere/tests/test_product_page.py:89: \n_ _ _ _ _ _ _ _ _ _ _ _ _ _ _ _ _ _ _ _ _ _ _ _ _ _ _ _ _ _ _ _ _ _ _ _ _ _ _ _ \nselenium_library/selenium1py_pythonanywhere/pages/product_page.py:89: in add_product_to_basket\n    self.add_to_basket_button.click()\nselenium_library/selenium1py_pythonanywhere/pages/product_page.py:40: in add_to_basket_button\n    return self.find(self.add_to_basket_button_locator)\nselenium_library/selenium1py_pythonanywhere/pages/base_page.py:30: in find\n    return self.browser.find_element(*args)\n/opt/hostedtoolcache/Python/3.13.5/x64/lib/python3.13/site-packages/selenium/webdriver/remote/webdriver.py:914: in find_element\n    return self.execute(Command.FIND_ELEMENT, {\"using\": by, \"value\": value})[\"value\"]\n/opt/hostedtoolcache/Python/3.13.5/x64/lib/python3.13/site-packages/selenium/webdriver/remote/webdriver.py:447: in execute\n    self.error_handler.check_response(response)\n_ _ _ _ _ _ _ _ _ _ _ _ _ _ _ _ _ _ _ _ _ _ _ _ _ _ _ _ _ _ _ _ _ _ _ _ _ _ _ _ \n\nself = <selenium.webdriver.remote.errorhandler.ErrorHandler object at 0x7fab8c6f28a0>\nresponse = {'status': 404, 'value': '{\"value\":{\"error\":\"no such element\",\"message\":\"no such element: Unable to locate element: {\\...\\\\n#17 0x564a4bcb3336 \\\\u003Cunknown>\\\\n#18 0x7f5a7949caa4 \\\\u003Cunknown>\\\\n#19 0x7f5a79529c3c \\\\u003Cunknown>\\\\n\"}}'}\n\n    def check_response(self, response: Dict[str, Any]) -> None:\n        \"\"\"Checks that a JSON response from the WebDriver does not have an\n        error.\n    \n        :Args:\n         - response - The JSON response from the WebDriver server as a dictionary\n           object.\n    \n        :Raises: If the response contains an error message.\n        \"\"\"\n        status = response.get(\"status\", None)\n        if not status or status == ErrorCode.SUCCESS:\n            return\n        value = None\n        message = response.get(\"message\", \"\")\n        screen: str = response.get(\"screen\", \"\")\n        stacktrace = None\n        if isinstance(status, int):\n            value_json = response.get(\"value\", None)\n            if value_json and isinstance(value_json, str):\n                import json\n    \n                try:\n                    value = json.loads(value_json)\n                    if len(value) == 1:\n                        value = value[\"value\"]\n                    status = value.get(\"error\", None)\n                    if not status:\n                        status = value.get(\"status\", ErrorCode.UNKNOWN_ERROR)\n                        message = value.get(\"value\") or value.get(\"message\")\n                        if not isinstance(message, str):\n                            value = message\n                            message = message.get(\"message\")\n                    else:\n                        message = value.get(\"message\", None)\n                except ValueError:\n                    pass\n    \n        exception_class: Type[WebDriverException]\n        e = ErrorCode()\n        error_codes = [item for item in dir(e) if not item.startswith(\"__\")]\n        for error_code in error_codes:\n            error_info = getattr(ErrorCode, error_code)\n            if isinstance(error_info, list) and status in error_info:\n                exception_class = getattr(ExceptionMapping, error_code, WebDriverException)\n                break\n        else:\n            exception_class = WebDriverException\n    \n        if not value:\n            value = response[\"value\"]\n        if isinstance(value, str):\n            raise exception_class(value)\n        if message == \"\" and \"message\" in value:\n            message = value[\"message\"]\n    \n        screen = None  # type: ignore[assignment]\n        if \"screen\" in value:\n            screen = value[\"screen\"]\n    \n        stacktrace = None\n        st_value = value.get(\"stackTrace\") or value.get(\"stacktrace\")\n        if st_value:\n            if isinstance(st_value, str):\n                stacktrace = st_value.split(\"\\n\")\n            else:\n                stacktrace = []\n                try:\n                    for frame in st_value:\n                        line = frame.get(\"lineNumber\", \"\")\n                        file = frame.get(\"fileName\", \"<anonymous>\")\n                        if line:\n                            file = f\"{file}:{line}\"\n                        meth = frame.get(\"methodName\", \"<anonymous>\")\n                        if \"className\" in frame:\n                            meth = f\"{frame['className']}.{meth}\"\n                        msg = \"    at %s (%s)\"\n                        msg = msg % (meth, file)\n                        stacktrace.append(msg)\n                except TypeError:\n                    pass\n        if exception_class == UnexpectedAlertPresentException:\n            alert_text = None\n            if \"data\" in value:\n                alert_text = value[\"data\"].get(\"text\")\n            elif \"alert\" in value:\n                alert_text = value[\"alert\"].get(\"text\")\n            raise exception_class(message, screen, stacktrace, alert_text)  # type: ignore[call-arg]  # mypy is not smart enough here\n>       raise exception_class(message, screen, stacktrace)\nE       selenium.common.exceptions.NoSuchElementException: Message: no such element: Unable to locate element: {\"method\":\"css selector\",\"selector\":\"button.btn-add-to-basket\"}\nE         (Session info: chrome=137.0.7151.119); For documentation on this error, please visit: https://www.selenium.dev/documentation/webdriver/troubleshooting/errors#no-such-element-exception\nE       Stacktrace:\nE       #0 0x564a4bcb445a <unknown>\nE       #1 0x564a4b759760 <unknown>\nE       #2 0x564a4b7ab127 <unknown>\nE       #3 0x564a4b7ab321 <unknown>\nE       #4 0x564a4b7f9e94 <unknown>\nE       #5 0x564a4b7d0e7d <unknown>\nE       #6 0x564a4b7f730b <unknown>\nE       #7 0x564a4b7d0c23 <unknown>\nE       #8 0x564a4b79d4a5 <unknown>\nE       #9 0x564a4b79e111 <unknown>\nE       #10 0x564a4bc78f1b <unknown>\nE       #11 0x564a4bc7ce19 <unknown>\nE       #12 0x564a4bc5fac9 <unknown>\nE       #13 0x564a4bc7d9c8 <unknown>\nE       #14 0x564a4bc4434f <unknown>\nE       #15 0x564a4bca1a28 <unknown>\nE       #16 0x564a4bca1c06 <unknown>\nE       #17 0x564a4bcb3336 <unknown>\nE       #18 0x7f5a7949caa4 <unknown>\nE       #19 0x7f5a79529c3c <unknown>\n\n/opt/hostedtoolcache/Python/3.13.5/x64/lib/python3.13/site-packages/selenium/webdriver/remote/errorhandler.py:232: NoSuchElementException","flaky":false,"newFailed":false,"newBroken":false,"newPassed":false,"retriesCount":0,"retriesStatusChange":false,"beforeStages":[{"name":"browser","time":{"start":1751144663657,"stop":1751144664028,"duration":371},"status":"passed","steps":[],"attachments":[],"parameters":[],"shouldDisplayMessage":false,"stepsCount":0,"attachmentsCount":0,"hasContent":false,"attachmentStep":false},{"name":"setup","time":{"start":1751144664028,"stop":1751144664028,"duration":0},"status":"passed","steps":[],"attachments":[],"parameters":[],"shouldDisplayMessage":false,"stepsCount":0,"attachmentsCount":0,"hasContent":false,"attachmentStep":false}],"testStage":{"status":"broken","statusMessage":"selenium.common.exceptions.NoSuchElementException: Message: no such element: Unable to locate element: {\"method\":\"css selector\",\"selector\":\"button.btn-add-to-basket\"}\n  (Session info: chrome=137.0.7151.119); For documentation on this error, please visit: https://www.selenium.dev/documentation/webdriver/troubleshooting/errors#no-such-element-exception\nStacktrace:\n#0 0x564a4bcb445a <unknown>\n#1 0x564a4b759760 <unknown>\n#2 0x564a4b7ab127 <unknown>\n#3 0x564a4b7ab321 <unknown>\n#4 0x564a4b7f9e94 <unknown>\n#5 0x564a4b7d0e7d <unknown>\n#6 0x564a4b7f730b <unknown>\n#7 0x564a4b7d0c23 <unknown>\n#8 0x564a4b79d4a5 <unknown>\n#9 0x564a4b79e111 <unknown>\n#10 0x564a4bc78f1b <unknown>\n#11 0x564a4bc7ce19 <unknown>\n#12 0x564a4bc5fac9 <unknown>\n#13 0x564a4bc7d9c8 <unknown>\n#14 0x564a4bc4434f <unknown>\n#15 0x564a4bca1a28 <unknown>\n#16 0x564a4bca1c06 <unknown>\n#17 0x564a4bcb3336 <unknown>\n#18 0x7f5a7949caa4 <unknown>\n#19 0x7f5a79529c3c <unknown>","statusTrace":"self = <test_product_page.TestProductPageAsGuest object at 0x7fab8cfb32a0>\nbrowser = <selenium.webdriver.chrome.webdriver.WebDriver (session=\"5a369ea7c140a9f256b7b6521938ea44\")>\noffer_number = '4'\n\n    @pytest.mark.promo\n    @pytest.mark.parametrize(\n        'offer_number',\n        # fmt: off\n    ['0', '1', '2', '3', '4', '5','6',\n        pytest.param('7', marks=pytest.mark.xfail),\n        '8', '9']\n        # fmt: on\n    )\n    def test_guest_can_add_promo_offer_product_to_basket(\n        self, browser, offer_number\n    ):\n        url = self._get_product_url(\n            f'coders-at-work_207/?promo=offer{offer_number}'\n        )\n        self.product_page.open_page(url)\n        self.product_page.should_be_promo_offer_product_page(offer_number)\n>       self.product_page.add_product_to_basket()\n\nselenium_library/selenium1py_pythonanywhere/tests/test_product_page.py:89: \n_ _ _ _ _ _ _ _ _ _ _ _ _ _ _ _ _ _ _ _ _ _ _ _ _ _ _ _ _ _ _ _ _ _ _ _ _ _ _ _ \nselenium_library/selenium1py_pythonanywhere/pages/product_page.py:89: in add_product_to_basket\n    self.add_to_basket_button.click()\nselenium_library/selenium1py_pythonanywhere/pages/product_page.py:40: in add_to_basket_button\n    return self.find(self.add_to_basket_button_locator)\nselenium_library/selenium1py_pythonanywhere/pages/base_page.py:30: in find\n    return self.browser.find_element(*args)\n/opt/hostedtoolcache/Python/3.13.5/x64/lib/python3.13/site-packages/selenium/webdriver/remote/webdriver.py:914: in find_element\n    return self.execute(Command.FIND_ELEMENT, {\"using\": by, \"value\": value})[\"value\"]\n/opt/hostedtoolcache/Python/3.13.5/x64/lib/python3.13/site-packages/selenium/webdriver/remote/webdriver.py:447: in execute\n    self.error_handler.check_response(response)\n_ _ _ _ _ _ _ _ _ _ _ _ _ _ _ _ _ _ _ _ _ _ _ _ _ _ _ _ _ _ _ _ _ _ _ _ _ _ _ _ \n\nself = <selenium.webdriver.remote.errorhandler.ErrorHandler object at 0x7fab8c6f28a0>\nresponse = {'status': 404, 'value': '{\"value\":{\"error\":\"no such element\",\"message\":\"no such element: Unable to locate element: {\\...\\\\n#17 0x564a4bcb3336 \\\\u003Cunknown>\\\\n#18 0x7f5a7949caa4 \\\\u003Cunknown>\\\\n#19 0x7f5a79529c3c \\\\u003Cunknown>\\\\n\"}}'}\n\n    def check_response(self, response: Dict[str, Any]) -> None:\n        \"\"\"Checks that a JSON response from the WebDriver does not have an\n        error.\n    \n        :Args:\n         - response - The JSON response from the WebDriver server as a dictionary\n           object.\n    \n        :Raises: If the response contains an error message.\n        \"\"\"\n        status = response.get(\"status\", None)\n        if not status or status == ErrorCode.SUCCESS:\n            return\n        value = None\n        message = response.get(\"message\", \"\")\n        screen: str = response.get(\"screen\", \"\")\n        stacktrace = None\n        if isinstance(status, int):\n            value_json = response.get(\"value\", None)\n            if value_json and isinstance(value_json, str):\n                import json\n    \n                try:\n                    value = json.loads(value_json)\n                    if len(value) == 1:\n                        value = value[\"value\"]\n                    status = value.get(\"error\", None)\n                    if not status:\n                        status = value.get(\"status\", ErrorCode.UNKNOWN_ERROR)\n                        message = value.get(\"value\") or value.get(\"message\")\n                        if not isinstance(message, str):\n                            value = message\n                            message = message.get(\"message\")\n                    else:\n                        message = value.get(\"message\", None)\n                except ValueError:\n                    pass\n    \n        exception_class: Type[WebDriverException]\n        e = ErrorCode()\n        error_codes = [item for item in dir(e) if not item.startswith(\"__\")]\n        for error_code in error_codes:\n            error_info = getattr(ErrorCode, error_code)\n            if isinstance(error_info, list) and status in error_info:\n                exception_class = getattr(ExceptionMapping, error_code, WebDriverException)\n                break\n        else:\n            exception_class = WebDriverException\n    \n        if not value:\n            value = response[\"value\"]\n        if isinstance(value, str):\n            raise exception_class(value)\n        if message == \"\" and \"message\" in value:\n            message = value[\"message\"]\n    \n        screen = None  # type: ignore[assignment]\n        if \"screen\" in value:\n            screen = value[\"screen\"]\n    \n        stacktrace = None\n        st_value = value.get(\"stackTrace\") or value.get(\"stacktrace\")\n        if st_value:\n            if isinstance(st_value, str):\n                stacktrace = st_value.split(\"\\n\")\n            else:\n                stacktrace = []\n                try:\n                    for frame in st_value:\n                        line = frame.get(\"lineNumber\", \"\")\n                        file = frame.get(\"fileName\", \"<anonymous>\")\n                        if line:\n                            file = f\"{file}:{line}\"\n                        meth = frame.get(\"methodName\", \"<anonymous>\")\n                        if \"className\" in frame:\n                            meth = f\"{frame['className']}.{meth}\"\n                        msg = \"    at %s (%s)\"\n                        msg = msg % (meth, file)\n                        stacktrace.append(msg)\n                except TypeError:\n                    pass\n        if exception_class == UnexpectedAlertPresentException:\n            alert_text = None\n            if \"data\" in value:\n                alert_text = value[\"data\"].get(\"text\")\n            elif \"alert\" in value:\n                alert_text = value[\"alert\"].get(\"text\")\n            raise exception_class(message, screen, stacktrace, alert_text)  # type: ignore[call-arg]  # mypy is not smart enough here\n>       raise exception_class(message, screen, stacktrace)\nE       selenium.common.exceptions.NoSuchElementException: Message: no such element: Unable to locate element: {\"method\":\"css selector\",\"selector\":\"button.btn-add-to-basket\"}\nE         (Session info: chrome=137.0.7151.119); For documentation on this error, please visit: https://www.selenium.dev/documentation/webdriver/troubleshooting/errors#no-such-element-exception\nE       Stacktrace:\nE       #0 0x564a4bcb445a <unknown>\nE       #1 0x564a4b759760 <unknown>\nE       #2 0x564a4b7ab127 <unknown>\nE       #3 0x564a4b7ab321 <unknown>\nE       #4 0x564a4b7f9e94 <unknown>\nE       #5 0x564a4b7d0e7d <unknown>\nE       #6 0x564a4b7f730b <unknown>\nE       #7 0x564a4b7d0c23 <unknown>\nE       #8 0x564a4b79d4a5 <unknown>\nE       #9 0x564a4b79e111 <unknown>\nE       #10 0x564a4bc78f1b <unknown>\nE       #11 0x564a4bc7ce19 <unknown>\nE       #12 0x564a4bc5fac9 <unknown>\nE       #13 0x564a4bc7d9c8 <unknown>\nE       #14 0x564a4bc4434f <unknown>\nE       #15 0x564a4bca1a28 <unknown>\nE       #16 0x564a4bca1c06 <unknown>\nE       #17 0x564a4bcb3336 <unknown>\nE       #18 0x7f5a7949caa4 <unknown>\nE       #19 0x7f5a79529c3c <unknown>\n\n/opt/hostedtoolcache/Python/3.13.5/x64/lib/python3.13/site-packages/selenium/webdriver/remote/errorhandler.py:232: NoSuchElementException","steps":[{"name":"Open page","time":{"start":1751144664029,"stop":1751144664279,"duration":250},"status":"passed","steps":[],"attachments":[],"parameters":[{"name":"url","value":"'https://selenium1py.pythonanywhere.com/ru/catalogue/coders-at-work_207/?promo=offer4'"}],"shouldDisplayMessage":false,"stepsCount":0,"attachmentsCount":0,"hasContent":true,"attachmentStep":false},{"name":"Assert product Promo Offer page contains its text in URL","time":{"start":1751144664280,"stop":1751144664285,"duration":5},"status":"passed","steps":[{"name":"Assert URL contains expected text","time":{"start":1751144664280,"stop":1751144664285,"duration":5},"status":"passed","steps":[],"attachments":[],"parameters":[{"name":"text","value":"'4'"}],"shouldDisplayMessage":false,"stepsCount":0,"attachmentsCount":0,"hasContent":true,"attachmentStep":false}],"attachments":[],"parameters":[{"name":"promo_offer","value":"'4'"}],"shouldDisplayMessage":false,"stepsCount":1,"attachmentsCount":0,"hasContent":true,"attachmentStep":false},{"name":"Add to basket button","time":{"start":1751144664285,"stop":1751144674299,"duration":10014},"status":"broken","statusMessage":"selenium.common.exceptions.NoSuchElementException: Message: no such element: Unable to locate element: {\"method\":\"css selector\",\"selector\":\"button.btn-add-to-basket\"}\n  (Session info: chrome=137.0.7151.119); For documentation on this error, please visit: https://www.selenium.dev/documentation/webdriver/troubleshooting/errors#no-such-element-exception\nStacktrace:\n#0 0x564a4bcb445a <unknown>\n#1 0x564a4b759760 <unknown>\n#2 0x564a4b7ab127 <unknown>\n#3 0x564a4b7ab321 <unknown>\n#4 0x564a4b7f9e94 <unknown>\n#5 0x564a4b7d0e7d <unknown>\n#6 0x564a4b7f730b <unknown>\n#7 0x564a4b7d0c23 <unknown>\n#8 0x564a4b79d4a5 <unknown>\n#9 0x564a4b79e111 <unknown>\n#10 0x564a4bc78f1b <unknown>\n#11 0x564a4bc7ce19 <unknown>\n#12 0x564a4bc5fac9 <unknown>\n#13 0x564a4bc7d9c8 <unknown>\n#14 0x564a4bc4434f <unknown>\n#15 0x564a4bca1a28 <unknown>\n#16 0x564a4bca1c06 <unknown>\n#17 0x564a4bcb3336 <unknown>\n#18 0x7f5a7949caa4 <unknown>\n#19 0x7f5a79529c3c <unknown>\n\n","statusTrace":"  File \"/opt/hostedtoolcache/Python/3.13.5/x64/lib/python3.13/site-packages/allure_commons/_allure.py\", line 202, in impl\n    return func(*a, **kw)\n  File \"/home/runner/work/automation/automation/selenium_library/selenium1py_pythonanywhere/pages/product_page.py\", line 40, in add_to_basket_button\n    return self.find(self.add_to_basket_button_locator)\n           ~~~~~~~~~^^^^^^^^^^^^^^^^^^^^^^^^^^^^^^^^^^^\n  File \"/opt/hostedtoolcache/Python/3.13.5/x64/lib/python3.13/site-packages/allure_commons/_allure.py\", line 202, in impl\n    return func(*a, **kw)\n  File \"/home/runner/work/automation/automation/selenium_library/selenium1py_pythonanywhere/pages/base_page.py\", line 30, in find\n    return self.browser.find_element(*args)\n           ~~~~~~~~~~~~~~~~~~~~~~~~~^^^^^^^\n  File \"/opt/hostedtoolcache/Python/3.13.5/x64/lib/python3.13/site-packages/selenium/webdriver/remote/webdriver.py\", line 914, in find_element\n    return self.execute(Command.FIND_ELEMENT, {\"using\": by, \"value\": value})[\"value\"]\n           ~~~~~~~~~~~~^^^^^^^^^^^^^^^^^^^^^^^^^^^^^^^^^^^^^^^^^^^^^^^^^^^^^\n  File \"/opt/hostedtoolcache/Python/3.13.5/x64/lib/python3.13/site-packages/selenium/webdriver/remote/webdriver.py\", line 447, in execute\n    self.error_handler.check_response(response)\n    ~~~~~~~~~~~~~~~~~~~~~~~~~~~~~~~~~^^^^^^^^^^\n  File \"/opt/hostedtoolcache/Python/3.13.5/x64/lib/python3.13/site-packages/selenium/webdriver/remote/errorhandler.py\", line 232, in check_response\n    raise exception_class(message, screen, stacktrace)\n","steps":[{"name":"Find element","time":{"start":1751144664285,"stop":1751144674298,"duration":10013},"status":"broken","statusMessage":"selenium.common.exceptions.NoSuchElementException: Message: no such element: Unable to locate element: {\"method\":\"css selector\",\"selector\":\"button.btn-add-to-basket\"}\n  (Session info: chrome=137.0.7151.119); For documentation on this error, please visit: https://www.selenium.dev/documentation/webdriver/troubleshooting/errors#no-such-element-exception\nStacktrace:\n#0 0x564a4bcb445a <unknown>\n#1 0x564a4b759760 <unknown>\n#2 0x564a4b7ab127 <unknown>\n#3 0x564a4b7ab321 <unknown>\n#4 0x564a4b7f9e94 <unknown>\n#5 0x564a4b7d0e7d <unknown>\n#6 0x564a4b7f730b <unknown>\n#7 0x564a4b7d0c23 <unknown>\n#8 0x564a4b79d4a5 <unknown>\n#9 0x564a4b79e111 <unknown>\n#10 0x564a4bc78f1b <unknown>\n#11 0x564a4bc7ce19 <unknown>\n#12 0x564a4bc5fac9 <unknown>\n#13 0x564a4bc7d9c8 <unknown>\n#14 0x564a4bc4434f <unknown>\n#15 0x564a4bca1a28 <unknown>\n#16 0x564a4bca1c06 <unknown>\n#17 0x564a4bcb3336 <unknown>\n#18 0x7f5a7949caa4 <unknown>\n#19 0x7f5a79529c3c <unknown>\n\n","statusTrace":"  File \"/opt/hostedtoolcache/Python/3.13.5/x64/lib/python3.13/site-packages/allure_commons/_allure.py\", line 202, in impl\n    return func(*a, **kw)\n  File \"/home/runner/work/automation/automation/selenium_library/selenium1py_pythonanywhere/pages/base_page.py\", line 30, in find\n    return self.browser.find_element(*args)\n           ~~~~~~~~~~~~~~~~~~~~~~~~~^^^^^^^\n  File \"/opt/hostedtoolcache/Python/3.13.5/x64/lib/python3.13/site-packages/selenium/webdriver/remote/webdriver.py\", line 914, in find_element\n    return self.execute(Command.FIND_ELEMENT, {\"using\": by, \"value\": value})[\"value\"]\n           ~~~~~~~~~~~~^^^^^^^^^^^^^^^^^^^^^^^^^^^^^^^^^^^^^^^^^^^^^^^^^^^^^\n  File \"/opt/hostedtoolcache/Python/3.13.5/x64/lib/python3.13/site-packages/selenium/webdriver/remote/webdriver.py\", line 447, in execute\n    self.error_handler.check_response(response)\n    ~~~~~~~~~~~~~~~~~~~~~~~~~~~~~~~~~^^^^^^^^^^\n  File \"/opt/hostedtoolcache/Python/3.13.5/x64/lib/python3.13/site-packages/selenium/webdriver/remote/errorhandler.py\", line 232, in check_response\n    raise exception_class(message, screen, stacktrace)\n","steps":[],"attachments":[],"parameters":[{"name":"args","value":"('css selector', 'button.btn-add-to-basket')"}],"shouldDisplayMessage":true,"stepsCount":0,"attachmentsCount":0,"hasContent":true,"attachmentStep":false}],"attachments":[],"parameters":[],"shouldDisplayMessage":false,"stepsCount":1,"attachmentsCount":0,"hasContent":true,"attachmentStep":false}],"attachments":[{"uid":"5b6925490e634a08","name":"stdout","source":"5b6925490e634a08.txt","type":"text/plain","size":56}],"parameters":[],"shouldDisplayMessage":true,"stepsCount":5,"attachmentsCount":1,"hasContent":true,"attachmentStep":false},"afterStages":[{"name":"browser::0","time":{"start":1751144674329,"stop":1751144674392,"duration":63},"status":"passed","steps":[],"attachments":[],"parameters":[],"shouldDisplayMessage":false,"stepsCount":0,"attachmentsCount":0,"hasContent":false,"attachmentStep":false}],"labels":[{"name":"tag","value":"promo"},{"name":"tag","value":"regression"},{"name":"tag","value":"guest"},{"name":"tag","value":"product_page"},{"name":"parentSuite","value":"selenium_library.selenium1py_pythonanywhere.tests"},{"name":"suite","value":"test_product_page"},{"name":"subSuite","value":"TestProductPageAsGuest"},{"name":"host","value":"pkrvmbietmlfzoi"},{"name":"thread","value":"2125-MainThread"},{"name":"framework","value":"pytest"},{"name":"language","value":"cpython3"},{"name":"package","value":"selenium_library.selenium1py_pythonanywhere.tests.test_product_page"},{"name":"resultFormat","value":"allure2"}],"parameters":[{"name":"language","value":"'Russian'"},{"name":"offer_number","value":"'4'"}],"links":[],"hidden":true,"retry":true,"extra":{"categories":[],"tags":["promo","regression","product_page","guest"]},"source":"ee8214d13dcb139d.json","parameterValues":["'Russian'","'4'"]}